mode: set
github.com/IBM/ibmcloud-iam-operator/pkg/lib/resource/v1/composite.go:30.116,34.35 3 0
github.com/IBM/ibmcloud-iam-operator/pkg/lib/resource/v1/composite.go:41.2,41.12 1 0
github.com/IBM/ibmcloud-iam-operator/pkg/lib/resource/v1/composite.go:34.35,36.49 2 0
github.com/IBM/ibmcloud-iam-operator/pkg/lib/resource/v1/composite.go:36.49,39.4 2 0
github.com/IBM/ibmcloud-iam-operator/pkg/lib/resource/v1/composite.go:45.94,49.34 3 0
github.com/IBM/ibmcloud-iam-operator/pkg/lib/resource/v1/composite.go:56.2,56.12 1 0
github.com/IBM/ibmcloud-iam-operator/pkg/lib/resource/v1/composite.go:49.34,51.55 2 0
github.com/IBM/ibmcloud-iam-operator/pkg/lib/resource/v1/composite.go:51.55,54.4 2 0
github.com/IBM/ibmcloud-iam-operator/pkg/lib/resource/v1/crud.go:29.65,30.63 1 0
github.com/IBM/ibmcloud-iam-operator/pkg/lib/resource/v1/crud.go:34.2,34.34 1 0
github.com/IBM/ibmcloud-iam-operator/pkg/lib/resource/v1/crud.go:30.63,32.3 1 0
github.com/IBM/ibmcloud-iam-operator/pkg/lib/resource/v1/crud.go:38.71,39.63 1 0
github.com/IBM/ibmcloud-iam-operator/pkg/lib/resource/v1/crud.go:43.2,43.34 1 0
github.com/IBM/ibmcloud-iam-operator/pkg/lib/resource/v1/crud.go:39.63,41.3 1 0
github.com/IBM/ibmcloud-iam-operator/pkg/lib/resource/v1/crud.go:47.70,52.16 5 0
github.com/IBM/ibmcloud-iam-operator/pkg/lib/resource/v1/crud.go:55.2,55.12 1 0
github.com/IBM/ibmcloud-iam-operator/pkg/lib/resource/v1/crud.go:52.16,54.3 1 0
github.com/IBM/ibmcloud-iam-operator/pkg/lib/resource/v1/finalizer.go:25.60,26.29 1 0
github.com/IBM/ibmcloud-iam-operator/pkg/lib/resource/v1/finalizer.go:29.2,30.13 2 0
github.com/IBM/ibmcloud-iam-operator/pkg/lib/resource/v1/finalizer.go:26.29,28.3 1 0
github.com/IBM/ibmcloud-iam-operator/pkg/lib/resource/v1/finalizer.go:33.67,36.2 2 0
github.com/IBM/ibmcloud-iam-operator/pkg/lib/resource/v1/finalizer.go:40.60,41.30 1 1
github.com/IBM/ibmcloud-iam-operator/pkg/lib/resource/v1/finalizer.go:45.2,46.60 2 1
github.com/IBM/ibmcloud-iam-operator/pkg/lib/resource/v1/finalizer.go:52.2,53.13 2 1
github.com/IBM/ibmcloud-iam-operator/pkg/lib/resource/v1/finalizer.go:41.30,43.3 1 1
github.com/IBM/ibmcloud-iam-operator/pkg/lib/resource/v1/finalizer.go:46.60,47.24 1 1
github.com/IBM/ibmcloud-iam-operator/pkg/lib/resource/v1/finalizer.go:47.24,49.4 1 0
github.com/IBM/ibmcloud-iam-operator/pkg/lib/resource/v1/finalizer.go:57.57,59.39 2 1
github.com/IBM/ibmcloud-iam-operator/pkg/lib/resource/v1/finalizer.go:64.2,64.14 1 1
github.com/IBM/ibmcloud-iam-operator/pkg/lib/resource/v1/finalizer.go:59.39,60.24 1 1
github.com/IBM/ibmcloud-iam-operator/pkg/lib/resource/v1/finalizer.go:60.24,62.4 1 1
github.com/IBM/ibmcloud-iam-operator/pkg/lib/resource/v1/util.go:29.51,31.2 1 1
github.com/IBM/ibmcloud-iam-operator/pkg/lib/resource/v1/util.go:34.38,36.2 1 0
github.com/IBM/ibmcloud-iam-operator/pkg/lib/resource/v1/util.go:51.45,53.2 1 0
github.com/IBM/ibmcloud-iam-operator/pkg/lib/resource/v1/util.go:55.44,57.2 1 0
github.com/IBM/ibmcloud-iam-operator/pkg/lib/resource/v1/util.go:58.49,60.2 1 0
github.com/IBM/ibmcloud-iam-operator/pkg/lib/resource/v1/util.go:62.46,64.2 1 0
github.com/IBM/ibmcloud-iam-operator/pkg/lib/resource/v1/util.go:66.53,68.2 1 0
github.com/IBM/ibmcloud-iam-operator/pkg/lib/resource/v1/util.go:71.43,73.2 1 0
github.com/IBM/ibmcloud-iam-operator/pkg/lib/resource/v1/util.go:76.98,78.17 2 0
github.com/IBM/ibmcloud-iam-operator/pkg/lib/resource/v1/util.go:83.2,84.12 2 0
github.com/IBM/ibmcloud-iam-operator/pkg/lib/resource/v1/util.go:78.17,80.3 1 0
github.com/IBM/ibmcloud-iam-operator/pkg/lib/resource/v1/util.go:80.8,82.3 1 0
github.com/IBM/ibmcloud-iam-operator/pkg/lib/resource/v1/util.go:88.47,89.72 1 0
github.com/IBM/ibmcloud-iam-operator/pkg/lib/resource/v1/util.go:95.2,95.10 1 0
github.com/IBM/ibmcloud-iam-operator/pkg/lib/resource/v1/util.go:89.72,90.58 1 0
github.com/IBM/ibmcloud-iam-operator/pkg/lib/resource/v1/util.go:90.58,92.4 1 0
github.com/IBM/ibmcloud-iam-operator/pkg/lib/resource/v1/util.go:99.49,100.71 1 0
github.com/IBM/ibmcloud-iam-operator/pkg/lib/resource/v1/util.go:103.2,103.29 1 0
github.com/IBM/ibmcloud-iam-operator/pkg/lib/resource/v1/util.go:100.71,102.3 1 0
github.com/IBM/ibmcloud-iam-operator/pkg/lib/resource/v1/util.go:107.67,108.54 1 0
github.com/IBM/ibmcloud-iam-operator/pkg/lib/resource/v1/util.go:115.2,115.12 1 0
github.com/IBM/ibmcloud-iam-operator/pkg/lib/resource/v1/util.go:108.54,109.40 1 0
github.com/IBM/ibmcloud-iam-operator/pkg/lib/resource/v1/util.go:109.40,110.34 1 0
github.com/IBM/ibmcloud-iam-operator/pkg/lib/resource/v1/util.go:110.34,112.5 1 0
github.com/IBM/ibmcloud-iam-operator/pkg/lib/resource/v1/util.go:120.76,122.66 2 0
github.com/IBM/ibmcloud-iam-operator/pkg/lib/resource/v1/util.go:125.2,127.12 3 0
github.com/IBM/ibmcloud-iam-operator/pkg/lib/resource/v1/util.go:122.66,124.3 1 0
github.com/IBM/ibmcloud-iam-operator/pkg/lib/resource/v1/util.go:131.74,134.2 2 0
github.com/IBM/ibmcloud-iam-operator/pkg/lib/resource/v1/util.go:137.78,139.31 2 0
github.com/IBM/ibmcloud-iam-operator/pkg/lib/resource/v1/util.go:145.2,145.22 1 0
github.com/IBM/ibmcloud-iam-operator/pkg/lib/resource/v1/util.go:139.31,140.25 1 0
github.com/IBM/ibmcloud-iam-operator/pkg/lib/resource/v1/util.go:143.3,143.43 1 0
github.com/IBM/ibmcloud-iam-operator/pkg/lib/resource/v1/util.go:140.25,141.12 1 0
github.com/IBM/ibmcloud-iam-operator/pkg/lib/resource/v1/zz_generated.deepcopy.go:27.51,31.2 3 0
github.com/IBM/ibmcloud-iam-operator/pkg/lib/resource/v1/zz_generated.deepcopy.go:34.44,35.15 1 0
github.com/IBM/ibmcloud-iam-operator/pkg/lib/resource/v1/zz_generated.deepcopy.go:38.2,40.12 3 0
github.com/IBM/ibmcloud-iam-operator/pkg/lib/resource/v1/zz_generated.deepcopy.go:35.15,37.3 1 0
github.com/IBM/ibmcloud-iam-operator/pkg/lib/resource/v1/zz_generated.deepcopy.go:44.49,48.2 3 0
github.com/IBM/ibmcloud-iam-operator/pkg/lib/resource/v1/zz_generated.deepcopy.go:51.42,52.15 1 0
github.com/IBM/ibmcloud-iam-operator/pkg/lib/resource/v1/zz_generated.deepcopy.go:55.2,57.12 3 0
github.com/IBM/ibmcloud-iam-operator/pkg/lib/resource/v1/zz_generated.deepcopy.go:52.15,54.3 1 0
github.com/IBM/ibmcloud-iam-operator/pkg/lib/resource/v1/zz_generated.deepcopy.go:61.53,62.34 1 0
github.com/IBM/ibmcloud-iam-operator/pkg/lib/resource/v1/zz_generated.deepcopy.go:65.2,65.12 1 0
github.com/IBM/ibmcloud-iam-operator/pkg/lib/resource/v1/zz_generated.deepcopy.go:62.34,64.3 1 0
github.com/IBM/ibmcloud-iam-operator/pkg/lib/resource/v1/zz_generated.deepcopy.go:69.57,74.2 4 0
github.com/IBM/ibmcloud-iam-operator/pkg/lib/resource/v1/zz_generated.deepcopy.go:77.50,78.15 1 0
github.com/IBM/ibmcloud-iam-operator/pkg/lib/resource/v1/zz_generated.deepcopy.go:81.2,83.12 3 0
github.com/IBM/ibmcloud-iam-operator/pkg/lib/resource/v1/zz_generated.deepcopy.go:78.15,80.3 1 0
github.com/IBM/ibmcloud-iam-operator/pkg/lib/resource/v1/zz_generated.deepcopy.go:87.57,88.34 1 0
github.com/IBM/ibmcloud-iam-operator/pkg/lib/resource/v1/zz_generated.deepcopy.go:91.2,91.12 1 0
github.com/IBM/ibmcloud-iam-operator/pkg/lib/resource/v1/zz_generated.deepcopy.go:88.34,90.3 1 0
github.com/IBM/ibmcloud-iam-operator/pkg/lib/resource/v1/zz_generated.deepcopy.go:95.61,98.2 2 0
github.com/IBM/ibmcloud-iam-operator/pkg/lib/resource/v1/zz_generated.deepcopy.go:101.54,102.15 1 0
github.com/IBM/ibmcloud-iam-operator/pkg/lib/resource/v1/zz_generated.deepcopy.go:105.2,107.12 3 0
github.com/IBM/ibmcloud-iam-operator/pkg/lib/resource/v1/zz_generated.deepcopy.go:102.15,104.3 1 0
github.com/IBM/ibmcloud-iam-operator/pkg/lib/resource/v1/zz_generated.deepcopy.go:111.41,114.2 2 0
github.com/IBM/ibmcloud-iam-operator/pkg/lib/resource/v1/zz_generated.deepcopy.go:117.34,118.15 1 0
github.com/IBM/ibmcloud-iam-operator/pkg/lib/resource/v1/zz_generated.deepcopy.go:121.2,123.12 3 0
github.com/IBM/ibmcloud-iam-operator/pkg/lib/resource/v1/zz_generated.deepcopy.go:118.15,120.3 1 0
github.com/IBM/ibmcloud-iam-operator/pkg/apis/ibmcloud/v1alpha1/zz_generated.deepcopy.go:27.55,34.2 6 1
github.com/IBM/ibmcloud-iam-operator/pkg/apis/ibmcloud/v1alpha1/zz_generated.deepcopy.go:37.48,38.15 1 1
github.com/IBM/ibmcloud-iam-operator/pkg/apis/ibmcloud/v1alpha1/zz_generated.deepcopy.go:41.2,43.12 3 1
github.com/IBM/ibmcloud-iam-operator/pkg/apis/ibmcloud/v1alpha1/zz_generated.deepcopy.go:38.15,40.3 1 0
github.com/IBM/ibmcloud-iam-operator/pkg/apis/ibmcloud/v1alpha1/zz_generated.deepcopy.go:47.56,48.34 1 0
github.com/IBM/ibmcloud-iam-operator/pkg/apis/ibmcloud/v1alpha1/zz_generated.deepcopy.go:51.2,51.12 1 0
github.com/IBM/ibmcloud-iam-operator/pkg/apis/ibmcloud/v1alpha1/zz_generated.deepcopy.go:48.34,50.3 1 0
github.com/IBM/ibmcloud-iam-operator/pkg/apis/ibmcloud/v1alpha1/zz_generated.deepcopy.go:55.61,58.2 2 0
github.com/IBM/ibmcloud-iam-operator/pkg/apis/ibmcloud/v1alpha1/zz_generated.deepcopy.go:61.54,62.15 1 0
github.com/IBM/ibmcloud-iam-operator/pkg/apis/ibmcloud/v1alpha1/zz_generated.deepcopy.go:65.2,67.12 3 0
github.com/IBM/ibmcloud-iam-operator/pkg/apis/ibmcloud/v1alpha1/zz_generated.deepcopy.go:62.15,64.3 1 0
github.com/IBM/ibmcloud-iam-operator/pkg/apis/ibmcloud/v1alpha1/zz_generated.deepcopy.go:71.63,75.21 4 0
github.com/IBM/ibmcloud-iam-operator/pkg/apis/ibmcloud/v1alpha1/zz_generated.deepcopy.go:82.2,82.8 1 0
github.com/IBM/ibmcloud-iam-operator/pkg/apis/ibmcloud/v1alpha1/zz_generated.deepcopy.go:75.21,78.22 3 0
github.com/IBM/ibmcloud-iam-operator/pkg/apis/ibmcloud/v1alpha1/zz_generated.deepcopy.go:78.22,80.4 1 0
github.com/IBM/ibmcloud-iam-operator/pkg/apis/ibmcloud/v1alpha1/zz_generated.deepcopy.go:86.56,87.15 1 0
github.com/IBM/ibmcloud-iam-operator/pkg/apis/ibmcloud/v1alpha1/zz_generated.deepcopy.go:90.2,92.12 3 0
github.com/IBM/ibmcloud-iam-operator/pkg/apis/ibmcloud/v1alpha1/zz_generated.deepcopy.go:87.15,89.3 1 0
github.com/IBM/ibmcloud-iam-operator/pkg/apis/ibmcloud/v1alpha1/zz_generated.deepcopy.go:96.60,97.34 1 0
github.com/IBM/ibmcloud-iam-operator/pkg/apis/ibmcloud/v1alpha1/zz_generated.deepcopy.go:100.2,100.12 1 0
github.com/IBM/ibmcloud-iam-operator/pkg/apis/ibmcloud/v1alpha1/zz_generated.deepcopy.go:97.34,99.3 1 0
github.com/IBM/ibmcloud-iam-operator/pkg/apis/ibmcloud/v1alpha1/zz_generated.deepcopy.go:104.63,106.26 2 1
github.com/IBM/ibmcloud-iam-operator/pkg/apis/ibmcloud/v1alpha1/zz_generated.deepcopy.go:111.2,111.26 1 1
github.com/IBM/ibmcloud-iam-operator/pkg/apis/ibmcloud/v1alpha1/zz_generated.deepcopy.go:116.2,116.8 1 1
github.com/IBM/ibmcloud-iam-operator/pkg/apis/ibmcloud/v1alpha1/zz_generated.deepcopy.go:106.26,110.3 3 1
github.com/IBM/ibmcloud-iam-operator/pkg/apis/ibmcloud/v1alpha1/zz_generated.deepcopy.go:111.26,115.3 3 1
github.com/IBM/ibmcloud-iam-operator/pkg/apis/ibmcloud/v1alpha1/zz_generated.deepcopy.go:120.56,121.15 1 0
github.com/IBM/ibmcloud-iam-operator/pkg/apis/ibmcloud/v1alpha1/zz_generated.deepcopy.go:124.2,126.12 3 0
github.com/IBM/ibmcloud-iam-operator/pkg/apis/ibmcloud/v1alpha1/zz_generated.deepcopy.go:121.15,123.3 1 0
github.com/IBM/ibmcloud-iam-operator/pkg/apis/ibmcloud/v1alpha1/zz_generated.deepcopy.go:130.67,133.26 3 1
github.com/IBM/ibmcloud-iam-operator/pkg/apis/ibmcloud/v1alpha1/zz_generated.deepcopy.go:138.2,138.26 1 1
github.com/IBM/ibmcloud-iam-operator/pkg/apis/ibmcloud/v1alpha1/zz_generated.deepcopy.go:143.2,143.8 1 1
github.com/IBM/ibmcloud-iam-operator/pkg/apis/ibmcloud/v1alpha1/zz_generated.deepcopy.go:133.26,137.3 3 0
github.com/IBM/ibmcloud-iam-operator/pkg/apis/ibmcloud/v1alpha1/zz_generated.deepcopy.go:138.26,142.3 3 0
github.com/IBM/ibmcloud-iam-operator/pkg/apis/ibmcloud/v1alpha1/zz_generated.deepcopy.go:147.60,148.15 1 0
github.com/IBM/ibmcloud-iam-operator/pkg/apis/ibmcloud/v1alpha1/zz_generated.deepcopy.go:151.2,153.12 3 0
github.com/IBM/ibmcloud-iam-operator/pkg/apis/ibmcloud/v1alpha1/zz_generated.deepcopy.go:148.15,150.3 1 0
github.com/IBM/ibmcloud-iam-operator/pkg/apis/ibmcloud/v1alpha1/zz_generated.deepcopy.go:157.57,164.2 6 1
github.com/IBM/ibmcloud-iam-operator/pkg/apis/ibmcloud/v1alpha1/zz_generated.deepcopy.go:167.50,168.15 1 1
github.com/IBM/ibmcloud-iam-operator/pkg/apis/ibmcloud/v1alpha1/zz_generated.deepcopy.go:171.2,173.12 3 1
github.com/IBM/ibmcloud-iam-operator/pkg/apis/ibmcloud/v1alpha1/zz_generated.deepcopy.go:168.15,170.3 1 0
github.com/IBM/ibmcloud-iam-operator/pkg/apis/ibmcloud/v1alpha1/zz_generated.deepcopy.go:177.57,178.34 1 0
github.com/IBM/ibmcloud-iam-operator/pkg/apis/ibmcloud/v1alpha1/zz_generated.deepcopy.go:181.2,181.12 1 0
github.com/IBM/ibmcloud-iam-operator/pkg/apis/ibmcloud/v1alpha1/zz_generated.deepcopy.go:178.34,180.3 1 0
github.com/IBM/ibmcloud-iam-operator/pkg/apis/ibmcloud/v1alpha1/zz_generated.deepcopy.go:185.65,189.21 4 0
github.com/IBM/ibmcloud-iam-operator/pkg/apis/ibmcloud/v1alpha1/zz_generated.deepcopy.go:196.2,196.8 1 0
github.com/IBM/ibmcloud-iam-operator/pkg/apis/ibmcloud/v1alpha1/zz_generated.deepcopy.go:189.21,192.22 3 0
github.com/IBM/ibmcloud-iam-operator/pkg/apis/ibmcloud/v1alpha1/zz_generated.deepcopy.go:192.22,194.4 1 0
github.com/IBM/ibmcloud-iam-operator/pkg/apis/ibmcloud/v1alpha1/zz_generated.deepcopy.go:200.58,201.15 1 0
github.com/IBM/ibmcloud-iam-operator/pkg/apis/ibmcloud/v1alpha1/zz_generated.deepcopy.go:204.2,206.12 3 0
github.com/IBM/ibmcloud-iam-operator/pkg/apis/ibmcloud/v1alpha1/zz_generated.deepcopy.go:201.15,203.3 1 0
github.com/IBM/ibmcloud-iam-operator/pkg/apis/ibmcloud/v1alpha1/zz_generated.deepcopy.go:210.61,211.34 1 0
github.com/IBM/ibmcloud-iam-operator/pkg/apis/ibmcloud/v1alpha1/zz_generated.deepcopy.go:214.2,214.12 1 0
github.com/IBM/ibmcloud-iam-operator/pkg/apis/ibmcloud/v1alpha1/zz_generated.deepcopy.go:211.34,213.3 1 0
github.com/IBM/ibmcloud-iam-operator/pkg/apis/ibmcloud/v1alpha1/zz_generated.deepcopy.go:218.65,224.2 5 1
github.com/IBM/ibmcloud-iam-operator/pkg/apis/ibmcloud/v1alpha1/zz_generated.deepcopy.go:227.58,228.15 1 0
github.com/IBM/ibmcloud-iam-operator/pkg/apis/ibmcloud/v1alpha1/zz_generated.deepcopy.go:231.2,233.12 3 0
github.com/IBM/ibmcloud-iam-operator/pkg/apis/ibmcloud/v1alpha1/zz_generated.deepcopy.go:228.15,230.3 1 0
github.com/IBM/ibmcloud-iam-operator/pkg/apis/ibmcloud/v1alpha1/zz_generated.deepcopy.go:237.69,244.2 6 1
github.com/IBM/ibmcloud-iam-operator/pkg/apis/ibmcloud/v1alpha1/zz_generated.deepcopy.go:247.62,248.15 1 0
github.com/IBM/ibmcloud-iam-operator/pkg/apis/ibmcloud/v1alpha1/zz_generated.deepcopy.go:251.2,253.12 3 0
github.com/IBM/ibmcloud-iam-operator/pkg/apis/ibmcloud/v1alpha1/zz_generated.deepcopy.go:248.15,250.3 1 0
github.com/IBM/ibmcloud-iam-operator/pkg/apis/ibmcloud/v1alpha1/zz_generated.deepcopy.go:257.53,264.2 6 1
github.com/IBM/ibmcloud-iam-operator/pkg/apis/ibmcloud/v1alpha1/zz_generated.deepcopy.go:267.46,268.15 1 1
github.com/IBM/ibmcloud-iam-operator/pkg/apis/ibmcloud/v1alpha1/zz_generated.deepcopy.go:271.2,273.12 3 1
github.com/IBM/ibmcloud-iam-operator/pkg/apis/ibmcloud/v1alpha1/zz_generated.deepcopy.go:268.15,270.3 1 0
github.com/IBM/ibmcloud-iam-operator/pkg/apis/ibmcloud/v1alpha1/zz_generated.deepcopy.go:277.55,278.34 1 0
github.com/IBM/ibmcloud-iam-operator/pkg/apis/ibmcloud/v1alpha1/zz_generated.deepcopy.go:281.2,281.12 1 0
github.com/IBM/ibmcloud-iam-operator/pkg/apis/ibmcloud/v1alpha1/zz_generated.deepcopy.go:278.34,280.3 1 0
github.com/IBM/ibmcloud-iam-operator/pkg/apis/ibmcloud/v1alpha1/zz_generated.deepcopy.go:285.61,289.21 4 0
github.com/IBM/ibmcloud-iam-operator/pkg/apis/ibmcloud/v1alpha1/zz_generated.deepcopy.go:296.2,296.8 1 0
github.com/IBM/ibmcloud-iam-operator/pkg/apis/ibmcloud/v1alpha1/zz_generated.deepcopy.go:289.21,292.22 3 0
github.com/IBM/ibmcloud-iam-operator/pkg/apis/ibmcloud/v1alpha1/zz_generated.deepcopy.go:292.22,294.4 1 0
github.com/IBM/ibmcloud-iam-operator/pkg/apis/ibmcloud/v1alpha1/zz_generated.deepcopy.go:300.54,301.15 1 0
github.com/IBM/ibmcloud-iam-operator/pkg/apis/ibmcloud/v1alpha1/zz_generated.deepcopy.go:304.2,306.12 3 0
github.com/IBM/ibmcloud-iam-operator/pkg/apis/ibmcloud/v1alpha1/zz_generated.deepcopy.go:301.15,303.3 1 0
github.com/IBM/ibmcloud-iam-operator/pkg/apis/ibmcloud/v1alpha1/zz_generated.deepcopy.go:310.59,311.34 1 0
github.com/IBM/ibmcloud-iam-operator/pkg/apis/ibmcloud/v1alpha1/zz_generated.deepcopy.go:314.2,314.12 1 0
github.com/IBM/ibmcloud-iam-operator/pkg/apis/ibmcloud/v1alpha1/zz_generated.deepcopy.go:311.34,313.3 1 0
github.com/IBM/ibmcloud-iam-operator/pkg/apis/ibmcloud/v1alpha1/zz_generated.deepcopy.go:318.61,320.23 2 1
github.com/IBM/ibmcloud-iam-operator/pkg/apis/ibmcloud/v1alpha1/zz_generated.deepcopy.go:325.2,325.8 1 1
github.com/IBM/ibmcloud-iam-operator/pkg/apis/ibmcloud/v1alpha1/zz_generated.deepcopy.go:320.23,324.3 3 1
github.com/IBM/ibmcloud-iam-operator/pkg/apis/ibmcloud/v1alpha1/zz_generated.deepcopy.go:329.54,330.15 1 0
github.com/IBM/ibmcloud-iam-operator/pkg/apis/ibmcloud/v1alpha1/zz_generated.deepcopy.go:333.2,335.12 3 0
github.com/IBM/ibmcloud-iam-operator/pkg/apis/ibmcloud/v1alpha1/zz_generated.deepcopy.go:330.15,332.3 1 0
github.com/IBM/ibmcloud-iam-operator/pkg/apis/ibmcloud/v1alpha1/zz_generated.deepcopy.go:339.65,342.23 3 1
github.com/IBM/ibmcloud-iam-operator/pkg/apis/ibmcloud/v1alpha1/zz_generated.deepcopy.go:347.2,347.8 1 1
github.com/IBM/ibmcloud-iam-operator/pkg/apis/ibmcloud/v1alpha1/zz_generated.deepcopy.go:342.23,346.3 3 0
github.com/IBM/ibmcloud-iam-operator/pkg/apis/ibmcloud/v1alpha1/zz_generated.deepcopy.go:351.58,352.15 1 0
github.com/IBM/ibmcloud-iam-operator/pkg/apis/ibmcloud/v1alpha1/zz_generated.deepcopy.go:355.2,357.12 3 0
github.com/IBM/ibmcloud-iam-operator/pkg/apis/ibmcloud/v1alpha1/zz_generated.deepcopy.go:352.15,354.3 1 0
github.com/IBM/ibmcloud-iam-operator/pkg/apis/ibmcloud/v1alpha1/zz_generated.deepcopy.go:361.61,364.2 2 0
github.com/IBM/ibmcloud-iam-operator/pkg/apis/ibmcloud/v1alpha1/zz_generated.deepcopy.go:367.54,368.15 1 0
github.com/IBM/ibmcloud-iam-operator/pkg/apis/ibmcloud/v1alpha1/zz_generated.deepcopy.go:371.2,373.12 3 0
github.com/IBM/ibmcloud-iam-operator/pkg/apis/ibmcloud/v1alpha1/zz_generated.deepcopy.go:368.15,370.3 1 0
github.com/IBM/ibmcloud-iam-operator/pkg/apis/ibmcloud/v1alpha1/zz_generated.deepcopy.go:377.43,379.28 2 1
github.com/IBM/ibmcloud-iam-operator/pkg/apis/ibmcloud/v1alpha1/zz_generated.deepcopy.go:384.2,384.32 1 1
github.com/IBM/ibmcloud-iam-operator/pkg/apis/ibmcloud/v1alpha1/zz_generated.deepcopy.go:389.2,389.30 1 1
github.com/IBM/ibmcloud-iam-operator/pkg/apis/ibmcloud/v1alpha1/zz_generated.deepcopy.go:394.2,394.8 1 1
github.com/IBM/ibmcloud-iam-operator/pkg/apis/ibmcloud/v1alpha1/zz_generated.deepcopy.go:379.28,383.3 3 1
github.com/IBM/ibmcloud-iam-operator/pkg/apis/ibmcloud/v1alpha1/zz_generated.deepcopy.go:384.32,388.3 3 0
github.com/IBM/ibmcloud-iam-operator/pkg/apis/ibmcloud/v1alpha1/zz_generated.deepcopy.go:389.30,393.3 3 0
github.com/IBM/ibmcloud-iam-operator/pkg/apis/ibmcloud/v1alpha1/zz_generated.deepcopy.go:398.36,399.15 1 0
github.com/IBM/ibmcloud-iam-operator/pkg/apis/ibmcloud/v1alpha1/zz_generated.deepcopy.go:402.2,404.12 3 0
github.com/IBM/ibmcloud-iam-operator/pkg/apis/ibmcloud/v1alpha1/zz_generated.deepcopy.go:399.15,401.3 1 0
github.com/IBM/ibmcloud-iam-operator/pkg/apis/ibmcloud/v1alpha1/zz_generated.deepcopy.go:408.47,412.2 3 0
github.com/IBM/ibmcloud-iam-operator/pkg/apis/ibmcloud/v1alpha1/zz_generated.deepcopy.go:415.40,416.15 1 0
github.com/IBM/ibmcloud-iam-operator/pkg/apis/ibmcloud/v1alpha1/zz_generated.deepcopy.go:419.2,421.12 3 0
github.com/IBM/ibmcloud-iam-operator/pkg/apis/ibmcloud/v1alpha1/zz_generated.deepcopy.go:416.15,418.3 1 0
github.com/IBM/ibmcloud-iam-operator/pkg/apis/ibmcloud/v1alpha1/zz_generated.deepcopy.go:425.45,428.2 2 0
github.com/IBM/ibmcloud-iam-operator/pkg/apis/ibmcloud/v1alpha1/zz_generated.deepcopy.go:431.38,432.15 1 0
github.com/IBM/ibmcloud-iam-operator/pkg/apis/ibmcloud/v1alpha1/zz_generated.deepcopy.go:435.2,437.12 3 0
github.com/IBM/ibmcloud-iam-operator/pkg/apis/ibmcloud/v1alpha1/zz_generated.deepcopy.go:432.15,434.3 1 0
github.com/IBM/ibmcloud-iam-operator/pkg/apis/ibmcloud/v1alpha1/accessgroup_types.go:51.48,53.2 1 0
github.com/IBM/ibmcloud-iam-operator/pkg/apis/ibmcloud/v1alpha1/accessgroup_types.go:55.13,57.2 1 1
github.com/IBM/ibmcloud-iam-operator/pkg/apis/ibmcloud/v1alpha1/accesspolicy_types.go:82.49,84.2 1 0
github.com/IBM/ibmcloud-iam-operator/pkg/apis/ibmcloud/v1alpha1/accesspolicy_types.go:86.13,88.2 1 1
github.com/IBM/ibmcloud-iam-operator/pkg/apis/ibmcloud/v1alpha1/customrole_types.go:54.47,56.2 1 0
github.com/IBM/ibmcloud-iam-operator/pkg/apis/ibmcloud/v1alpha1/customrole_types.go:58.13,60.2 1 1
github.com/IBM/ibmcloud-iam-operator/pkg/controller/customrole/customrole_controller.go:50.68,51.59 1 1
github.com/IBM/ibmcloud-iam-operator/pkg/controller/customrole/customrole_controller.go:56.2,56.14 1 1
github.com/IBM/ibmcloud-iam-operator/pkg/controller/customrole/customrole_controller.go:51.59,52.55 1 1
github.com/IBM/ibmcloud-iam-operator/pkg/controller/customrole/customrole_controller.go:52.55,54.4 1 1
github.com/IBM/ibmcloud-iam-operator/pkg/controller/customrole/customrole_controller.go:60.70,62.59 2 1
github.com/IBM/ibmcloud-iam-operator/pkg/controller/customrole/customrole_controller.go:68.2,68.15 1 1
github.com/IBM/ibmcloud-iam-operator/pkg/controller/customrole/customrole_controller.go:62.59,63.39 1 1
github.com/IBM/ibmcloud-iam-operator/pkg/controller/customrole/customrole_controller.go:66.3,66.37 1 0
github.com/IBM/ibmcloud-iam-operator/pkg/controller/customrole/customrole_controller.go:63.39,64.12 1 1
github.com/IBM/ibmcloud-iam-operator/pkg/controller/customrole/customrole_controller.go:73.37,75.2 1 0
github.com/IBM/ibmcloud-iam-operator/pkg/controller/customrole/customrole_controller.go:78.62,80.2 1 1
github.com/IBM/ibmcloud-iam-operator/pkg/controller/customrole/customrole_controller.go:83.61,86.16 2 1
github.com/IBM/ibmcloud-iam-operator/pkg/controller/customrole/customrole_controller.go:91.2,92.16 2 1
github.com/IBM/ibmcloud-iam-operator/pkg/controller/customrole/customrole_controller.go:96.2,100.16 2 1
github.com/IBM/ibmcloud-iam-operator/pkg/controller/customrole/customrole_controller.go:104.2,104.12 1 1
github.com/IBM/ibmcloud-iam-operator/pkg/controller/customrole/customrole_controller.go:86.16,88.3 1 0
github.com/IBM/ibmcloud-iam-operator/pkg/controller/customrole/customrole_controller.go:92.16,94.3 1 0
github.com/IBM/ibmcloud-iam-operator/pkg/controller/customrole/customrole_controller.go:100.16,102.3 1 0
github.com/IBM/ibmcloud-iam-operator/pkg/controller/customrole/customrole_controller.go:123.94,130.16 5 1
github.com/IBM/ibmcloud-iam-operator/pkg/controller/customrole/customrole_controller.go:144.2,144.77 1 1
github.com/IBM/ibmcloud-iam-operator/pkg/controller/customrole/customrole_controller.go:154.2,154.30 1 1
github.com/IBM/ibmcloud-iam-operator/pkg/controller/customrole/customrole_controller.go:176.2,176.36 1 1
github.com/IBM/ibmcloud-iam-operator/pkg/controller/customrole/customrole_controller.go:186.2,187.16 2 1
github.com/IBM/ibmcloud-iam-operator/pkg/controller/customrole/customrole_controller.go:207.2,210.16 3 1
github.com/IBM/ibmcloud-iam-operator/pkg/controller/customrole/customrole_controller.go:214.2,217.53 2 1
github.com/IBM/ibmcloud-iam-operator/pkg/controller/customrole/customrole_controller.go:258.2,258.26 1 1
github.com/IBM/ibmcloud-iam-operator/pkg/controller/customrole/customrole_controller.go:336.2,336.71 1 1
github.com/IBM/ibmcloud-iam-operator/pkg/controller/customrole/customrole_controller.go:130.16,131.29 1 1
github.com/IBM/ibmcloud-iam-operator/pkg/controller/customrole/customrole_controller.go:139.3,140.33 2 0
github.com/IBM/ibmcloud-iam-operator/pkg/controller/customrole/customrole_controller.go:131.29,137.4 2 1
github.com/IBM/ibmcloud-iam-operator/pkg/controller/customrole/customrole_controller.go:144.77,147.82 3 1
github.com/IBM/ibmcloud-iam-operator/pkg/controller/customrole/customrole_controller.go:147.82,150.4 2 0
github.com/IBM/ibmcloud-iam-operator/pkg/controller/customrole/customrole_controller.go:154.30,155.54 1 0
github.com/IBM/ibmcloud-iam-operator/pkg/controller/customrole/customrole_controller.go:164.3,164.40 1 0
github.com/IBM/ibmcloud-iam-operator/pkg/controller/customrole/customrole_controller.go:172.3,172.72 1 0
github.com/IBM/ibmcloud-iam-operator/pkg/controller/customrole/customrole_controller.go:155.54,158.74 2 0
github.com/IBM/ibmcloud-iam-operator/pkg/controller/customrole/customrole_controller.go:162.4,162.34 1 0
github.com/IBM/ibmcloud-iam-operator/pkg/controller/customrole/customrole_controller.go:158.74,161.5 1 0
github.com/IBM/ibmcloud-iam-operator/pkg/controller/customrole/customrole_controller.go:164.40,167.83 3 0
github.com/IBM/ibmcloud-iam-operator/pkg/controller/customrole/customrole_controller.go:167.83,170.5 2 0
github.com/IBM/ibmcloud-iam-operator/pkg/controller/customrole/customrole_controller.go:176.36,180.73 4 0
github.com/IBM/ibmcloud-iam-operator/pkg/controller/customrole/customrole_controller.go:180.73,183.4 2 0
github.com/IBM/ibmcloud-iam-operator/pkg/controller/customrole/customrole_controller.go:187.16,189.54 2 0
github.com/IBM/ibmcloud-iam-operator/pkg/controller/customrole/customrole_controller.go:198.3,200.82 3 0
github.com/IBM/ibmcloud-iam-operator/pkg/controller/customrole/customrole_controller.go:204.3,204.33 1 0
github.com/IBM/ibmcloud-iam-operator/pkg/controller/customrole/customrole_controller.go:189.54,192.74 2 0
github.com/IBM/ibmcloud-iam-operator/pkg/controller/customrole/customrole_controller.go:196.4,196.34 1 0
github.com/IBM/ibmcloud-iam-operator/pkg/controller/customrole/customrole_controller.go:192.74,195.5 1 0
github.com/IBM/ibmcloud-iam-operator/pkg/controller/customrole/customrole_controller.go:200.82,203.4 2 0
github.com/IBM/ibmcloud-iam-operator/pkg/controller/customrole/customrole_controller.go:210.16,213.3 2 0
github.com/IBM/ibmcloud-iam-operator/pkg/controller/customrole/customrole_controller.go:217.53,219.35 1 1
github.com/IBM/ibmcloud-iam-operator/pkg/controller/customrole/customrole_controller.go:219.35,221.74 2 1
github.com/IBM/ibmcloud-iam-operator/pkg/controller/customrole/customrole_controller.go:221.74,224.5 2 0
github.com/IBM/ibmcloud-iam-operator/pkg/controller/customrole/customrole_controller.go:226.8,228.34 1 1
github.com/IBM/ibmcloud-iam-operator/pkg/controller/customrole/customrole_controller.go:228.34,229.28 1 1
github.com/IBM/ibmcloud-iam-operator/pkg/controller/customrole/customrole_controller.go:249.4,250.74 2 1
github.com/IBM/ibmcloud-iam-operator/pkg/controller/customrole/customrole_controller.go:254.4,254.34 1 1
github.com/IBM/ibmcloud-iam-operator/pkg/controller/customrole/customrole_controller.go:229.28,231.19 2 1
github.com/IBM/ibmcloud-iam-operator/pkg/controller/customrole/customrole_controller.go:237.5,238.43 2 1
github.com/IBM/ibmcloud-iam-operator/pkg/controller/customrole/customrole_controller.go:231.19,232.53 1 0
github.com/IBM/ibmcloud-iam-operator/pkg/controller/customrole/customrole_controller.go:232.53,235.7 2 0
github.com/IBM/ibmcloud-iam-operator/pkg/controller/customrole/customrole_controller.go:238.43,242.76 4 1
github.com/IBM/ibmcloud-iam-operator/pkg/controller/customrole/customrole_controller.go:242.76,245.7 2 0
github.com/IBM/ibmcloud-iam-operator/pkg/controller/customrole/customrole_controller.go:250.74,253.5 2 0
github.com/IBM/ibmcloud-iam-operator/pkg/controller/customrole/customrole_controller.go:258.26,260.17 2 1
github.com/IBM/ibmcloud-iam-operator/pkg/controller/customrole/customrole_controller.go:272.3,272.77 1 1
github.com/IBM/ibmcloud-iam-operator/pkg/controller/customrole/customrole_controller.go:260.17,265.83 5 0
github.com/IBM/ibmcloud-iam-operator/pkg/controller/customrole/customrole_controller.go:269.4,269.73 1 0
github.com/IBM/ibmcloud-iam-operator/pkg/controller/customrole/customrole_controller.go:265.83,268.5 2 0
github.com/IBM/ibmcloud-iam-operator/pkg/controller/customrole/customrole_controller.go:272.77,274.18 2 0
github.com/IBM/ibmcloud-iam-operator/pkg/controller/customrole/customrole_controller.go:285.4,294.83 9 0
github.com/IBM/ibmcloud-iam-operator/pkg/controller/customrole/customrole_controller.go:274.18,278.84 4 0
github.com/IBM/ibmcloud-iam-operator/pkg/controller/customrole/customrole_controller.go:283.5,283.35 1 0
github.com/IBM/ibmcloud-iam-operator/pkg/controller/customrole/customrole_controller.go:278.84,282.6 2 0
github.com/IBM/ibmcloud-iam-operator/pkg/controller/customrole/customrole_controller.go:294.83,298.5 2 0
github.com/IBM/ibmcloud-iam-operator/pkg/controller/customrole/customrole_controller.go:300.8,302.17 2 1
github.com/IBM/ibmcloud-iam-operator/pkg/controller/customrole/customrole_controller.go:312.3,323.82 11 1
github.com/IBM/ibmcloud-iam-operator/pkg/controller/customrole/customrole_controller.go:302.17,306.83 4 1
github.com/IBM/ibmcloud-iam-operator/pkg/controller/customrole/customrole_controller.go:310.4,310.34 1 1
github.com/IBM/ibmcloud-iam-operator/pkg/controller/customrole/customrole_controller.go:306.83,309.5 2 1
github.com/IBM/ibmcloud-iam-operator/pkg/controller/customrole/customrole_controller.go:323.82,326.19 3 0
github.com/IBM/ibmcloud-iam-operator/pkg/controller/customrole/customrole_controller.go:332.4,333.34 2 0
github.com/IBM/ibmcloud-iam-operator/pkg/controller/customrole/customrole_controller.go:326.19,327.53 1 0
github.com/IBM/ibmcloud-iam-operator/pkg/controller/customrole/customrole_controller.go:327.53,330.6 2 0
github.com/IBM/ibmcloud-iam-operator/pkg/controller/customrole/customrole_controller.go:339.91,341.95 2 1
github.com/IBM/ibmcloud-iam-operator/pkg/controller/customrole/customrole_controller.go:346.2,346.81 1 1
github.com/IBM/ibmcloud-iam-operator/pkg/controller/customrole/customrole_controller.go:351.2,351.87 1 1
github.com/IBM/ibmcloud-iam-operator/pkg/controller/customrole/customrole_controller.go:357.2,357.14 1 1
github.com/IBM/ibmcloud-iam-operator/pkg/controller/customrole/customrole_controller.go:341.95,344.3 2 0
github.com/IBM/ibmcloud-iam-operator/pkg/controller/customrole/customrole_controller.go:346.81,349.3 2 0
github.com/IBM/ibmcloud-iam-operator/pkg/controller/customrole/customrole_controller.go:351.87,354.3 2 0
github.com/IBM/ibmcloud-iam-operator/pkg/controller/customrole/customrole_controller.go:360.69,361.77 1 1
github.com/IBM/ibmcloud-iam-operator/pkg/controller/customrole/customrole_controller.go:365.2,365.34 1 1
github.com/IBM/ibmcloud-iam-operator/pkg/controller/customrole/customrole_controller.go:369.2,369.79 1 1
github.com/IBM/ibmcloud-iam-operator/pkg/controller/customrole/customrole_controller.go:374.2,374.79 1 1
github.com/IBM/ibmcloud-iam-operator/pkg/controller/customrole/customrole_controller.go:379.2,379.71 1 1
github.com/IBM/ibmcloud-iam-operator/pkg/controller/customrole/customrole_controller.go:385.2,385.14 1 1
github.com/IBM/ibmcloud-iam-operator/pkg/controller/customrole/customrole_controller.go:361.77,363.3 1 0
github.com/IBM/ibmcloud-iam-operator/pkg/controller/customrole/customrole_controller.go:365.34,367.3 1 0
github.com/IBM/ibmcloud-iam-operator/pkg/controller/customrole/customrole_controller.go:369.79,372.3 2 0
github.com/IBM/ibmcloud-iam-operator/pkg/controller/customrole/customrole_controller.go:374.79,377.3 2 0
github.com/IBM/ibmcloud-iam-operator/pkg/controller/customrole/customrole_controller.go:379.71,382.3 2 0
github.com/IBM/ibmcloud-iam-operator/pkg/controller/customrole/customrole_controller.go:388.71,389.79 1 1
github.com/IBM/ibmcloud-iam-operator/pkg/controller/customrole/customrole_controller.go:393.2,393.34 1 1
github.com/IBM/ibmcloud-iam-operator/pkg/controller/customrole/customrole_controller.go:397.2,397.73 1 1
github.com/IBM/ibmcloud-iam-operator/pkg/controller/customrole/customrole_controller.go:402.2,402.81 1 1
github.com/IBM/ibmcloud-iam-operator/pkg/controller/customrole/customrole_controller.go:407.2,407.14 1 1
github.com/IBM/ibmcloud-iam-operator/pkg/controller/customrole/customrole_controller.go:389.79,391.3 1 0
github.com/IBM/ibmcloud-iam-operator/pkg/controller/customrole/customrole_controller.go:393.34,395.3 1 1
github.com/IBM/ibmcloud-iam-operator/pkg/controller/customrole/customrole_controller.go:397.73,400.3 2 0
github.com/IBM/ibmcloud-iam-operator/pkg/controller/customrole/customrole_controller.go:402.81,405.3 2 0
github.com/IBM/ibmcloud-iam-operator/pkg/controller/customrole/customrole_controller.go:410.155,422.16 4 1
github.com/IBM/ibmcloud-iam-operator/pkg/controller/customrole/customrole_controller.go:426.2,426.35 1 1
github.com/IBM/ibmcloud-iam-operator/pkg/controller/customrole/customrole_controller.go:432.2,433.16 2 1
github.com/IBM/ibmcloud-iam-operator/pkg/controller/customrole/customrole_controller.go:437.2,437.25 1 1
github.com/IBM/ibmcloud-iam-operator/pkg/controller/customrole/customrole_controller.go:422.16,424.3 1 0
github.com/IBM/ibmcloud-iam-operator/pkg/controller/customrole/customrole_controller.go:426.35,427.61 1 0
github.com/IBM/ibmcloud-iam-operator/pkg/controller/customrole/customrole_controller.go:427.61,429.4 1 0
github.com/IBM/ibmcloud-iam-operator/pkg/controller/customrole/customrole_controller.go:433.16,435.3 1 1
github.com/IBM/ibmcloud-iam-operator/pkg/controller/customrole/customrole_controller.go:440.138,450.16 5 0
github.com/IBM/ibmcloud-iam-operator/pkg/controller/customrole/customrole_controller.go:454.2,454.26 1 0
github.com/IBM/ibmcloud-iam-operator/pkg/controller/customrole/customrole_controller.go:450.16,452.3 1 0
github.com/IBM/ibmcloud-iam-operator/pkg/controller/customrole/customrole_controller.go:457.91,459.16 2 1
github.com/IBM/ibmcloud-iam-operator/pkg/controller/customrole/customrole_controller.go:463.2,463.12 1 1
github.com/IBM/ibmcloud-iam-operator/pkg/controller/customrole/customrole_controller.go:459.16,461.3 1 0
github.com/IBM/ibmcloud-iam-operator/pkg/controller/customrole/customrole_controller.go:466.62,467.34 1 1
github.com/IBM/ibmcloud-iam-operator/pkg/controller/customrole/customrole_controller.go:470.2,470.13 1 1
github.com/IBM/ibmcloud-iam-operator/pkg/controller/customrole/customrole_controller.go:467.34,469.3 1 0
github.com/IBM/ibmcloud-iam-operator/pkg/controller/accesspolicy/accesspolicy_controller.go:56.70,57.59 1 1
github.com/IBM/ibmcloud-iam-operator/pkg/controller/accesspolicy/accesspolicy_controller.go:62.2,62.14 1 1
github.com/IBM/ibmcloud-iam-operator/pkg/controller/accesspolicy/accesspolicy_controller.go:57.59,58.57 1 1
github.com/IBM/ibmcloud-iam-operator/pkg/controller/accesspolicy/accesspolicy_controller.go:58.57,60.4 1 1
github.com/IBM/ibmcloud-iam-operator/pkg/controller/accesspolicy/accesspolicy_controller.go:66.72,68.59 2 1
github.com/IBM/ibmcloud-iam-operator/pkg/controller/accesspolicy/accesspolicy_controller.go:74.2,74.15 1 1
github.com/IBM/ibmcloud-iam-operator/pkg/controller/accesspolicy/accesspolicy_controller.go:68.59,69.41 1 1
github.com/IBM/ibmcloud-iam-operator/pkg/controller/accesspolicy/accesspolicy_controller.go:72.3,72.37 1 0
github.com/IBM/ibmcloud-iam-operator/pkg/controller/accesspolicy/accesspolicy_controller.go:69.41,70.12 1 1
github.com/IBM/ibmcloud-iam-operator/pkg/controller/accesspolicy/accesspolicy_controller.go:79.37,81.2 1 0
github.com/IBM/ibmcloud-iam-operator/pkg/controller/accesspolicy/accesspolicy_controller.go:84.62,86.2 1 1
github.com/IBM/ibmcloud-iam-operator/pkg/controller/accesspolicy/accesspolicy_controller.go:89.61,92.16 2 1
github.com/IBM/ibmcloud-iam-operator/pkg/controller/accesspolicy/accesspolicy_controller.go:97.2,98.16 2 1
github.com/IBM/ibmcloud-iam-operator/pkg/controller/accesspolicy/accesspolicy_controller.go:102.2,106.16 2 1
github.com/IBM/ibmcloud-iam-operator/pkg/controller/accesspolicy/accesspolicy_controller.go:110.2,110.12 1 1
github.com/IBM/ibmcloud-iam-operator/pkg/controller/accesspolicy/accesspolicy_controller.go:92.16,94.3 1 0
github.com/IBM/ibmcloud-iam-operator/pkg/controller/accesspolicy/accesspolicy_controller.go:98.16,100.3 1 0
github.com/IBM/ibmcloud-iam-operator/pkg/controller/accesspolicy/accesspolicy_controller.go:106.16,108.3 1 0
github.com/IBM/ibmcloud-iam-operator/pkg/controller/accesspolicy/accesspolicy_controller.go:129.96,136.16 5 1
github.com/IBM/ibmcloud-iam-operator/pkg/controller/accesspolicy/accesspolicy_controller.go:150.2,150.79 1 1
github.com/IBM/ibmcloud-iam-operator/pkg/controller/accesspolicy/accesspolicy_controller.go:160.2,160.30 1 1
github.com/IBM/ibmcloud-iam-operator/pkg/controller/accesspolicy/accesspolicy_controller.go:182.2,183.16 2 1
github.com/IBM/ibmcloud-iam-operator/pkg/controller/accesspolicy/accesspolicy_controller.go:203.2,206.16 3 1
github.com/IBM/ibmcloud-iam-operator/pkg/controller/accesspolicy/accesspolicy_controller.go:211.2,214.16 3 1
github.com/IBM/ibmcloud-iam-operator/pkg/controller/accesspolicy/accesspolicy_controller.go:218.2,222.16 4 1
github.com/IBM/ibmcloud-iam-operator/pkg/controller/accesspolicy/accesspolicy_controller.go:226.2,229.16 3 1
github.com/IBM/ibmcloud-iam-operator/pkg/controller/accesspolicy/accesspolicy_controller.go:233.2,236.16 3 1
github.com/IBM/ibmcloud-iam-operator/pkg/controller/accesspolicy/accesspolicy_controller.go:240.2,243.53 2 1
github.com/IBM/ibmcloud-iam-operator/pkg/controller/accesspolicy/accesspolicy_controller.go:285.2,286.16 2 1
github.com/IBM/ibmcloud-iam-operator/pkg/controller/accesspolicy/accesspolicy_controller.go:297.2,298.16 2 1
github.com/IBM/ibmcloud-iam-operator/pkg/controller/accesspolicy/accesspolicy_controller.go:309.2,310.16 2 1
github.com/IBM/ibmcloud-iam-operator/pkg/controller/accesspolicy/accesspolicy_controller.go:321.2,326.28 5 1
github.com/IBM/ibmcloud-iam-operator/pkg/controller/accesspolicy/accesspolicy_controller.go:399.2,399.71 1 1
github.com/IBM/ibmcloud-iam-operator/pkg/controller/accesspolicy/accesspolicy_controller.go:136.16,137.29 1 1
github.com/IBM/ibmcloud-iam-operator/pkg/controller/accesspolicy/accesspolicy_controller.go:145.3,146.33 2 0
github.com/IBM/ibmcloud-iam-operator/pkg/controller/accesspolicy/accesspolicy_controller.go:137.29,143.4 2 1
github.com/IBM/ibmcloud-iam-operator/pkg/controller/accesspolicy/accesspolicy_controller.go:150.79,153.82 3 1
github.com/IBM/ibmcloud-iam-operator/pkg/controller/accesspolicy/accesspolicy_controller.go:153.82,156.4 2 0
github.com/IBM/ibmcloud-iam-operator/pkg/controller/accesspolicy/accesspolicy_controller.go:160.30,161.54 1 0
github.com/IBM/ibmcloud-iam-operator/pkg/controller/accesspolicy/accesspolicy_controller.go:170.3,170.40 1 0
github.com/IBM/ibmcloud-iam-operator/pkg/controller/accesspolicy/accesspolicy_controller.go:179.3,179.72 1 0
github.com/IBM/ibmcloud-iam-operator/pkg/controller/accesspolicy/accesspolicy_controller.go:161.54,164.74 2 0
github.com/IBM/ibmcloud-iam-operator/pkg/controller/accesspolicy/accesspolicy_controller.go:168.4,168.34 1 0
github.com/IBM/ibmcloud-iam-operator/pkg/controller/accesspolicy/accesspolicy_controller.go:164.74,167.5 1 0
github.com/IBM/ibmcloud-iam-operator/pkg/controller/accesspolicy/accesspolicy_controller.go:170.40,173.83 3 0
github.com/IBM/ibmcloud-iam-operator/pkg/controller/accesspolicy/accesspolicy_controller.go:173.83,176.5 2 0
github.com/IBM/ibmcloud-iam-operator/pkg/controller/accesspolicy/accesspolicy_controller.go:183.16,185.54 2 1
github.com/IBM/ibmcloud-iam-operator/pkg/controller/accesspolicy/accesspolicy_controller.go:194.3,196.82 3 1
github.com/IBM/ibmcloud-iam-operator/pkg/controller/accesspolicy/accesspolicy_controller.go:200.3,200.33 1 1
github.com/IBM/ibmcloud-iam-operator/pkg/controller/accesspolicy/accesspolicy_controller.go:185.54,188.74 2 1
github.com/IBM/ibmcloud-iam-operator/pkg/controller/accesspolicy/accesspolicy_controller.go:192.4,192.34 1 1
github.com/IBM/ibmcloud-iam-operator/pkg/controller/accesspolicy/accesspolicy_controller.go:188.74,191.5 1 0
github.com/IBM/ibmcloud-iam-operator/pkg/controller/accesspolicy/accesspolicy_controller.go:196.82,199.4 2 0
github.com/IBM/ibmcloud-iam-operator/pkg/controller/accesspolicy/accesspolicy_controller.go:206.16,210.3 2 0
github.com/IBM/ibmcloud-iam-operator/pkg/controller/accesspolicy/accesspolicy_controller.go:214.16,217.3 2 0
github.com/IBM/ibmcloud-iam-operator/pkg/controller/accesspolicy/accesspolicy_controller.go:222.16,225.3 2 0
github.com/IBM/ibmcloud-iam-operator/pkg/controller/accesspolicy/accesspolicy_controller.go:229.16,232.3 2 0
github.com/IBM/ibmcloud-iam-operator/pkg/controller/accesspolicy/accesspolicy_controller.go:236.16,239.3 2 0
github.com/IBM/ibmcloud-iam-operator/pkg/controller/accesspolicy/accesspolicy_controller.go:243.53,245.35 1 1
github.com/IBM/ibmcloud-iam-operator/pkg/controller/accesspolicy/accesspolicy_controller.go:245.35,247.74 2 1
github.com/IBM/ibmcloud-iam-operator/pkg/controller/accesspolicy/accesspolicy_controller.go:247.74,250.5 2 0
github.com/IBM/ibmcloud-iam-operator/pkg/controller/accesspolicy/accesspolicy_controller.go:252.8,254.34 1 1
github.com/IBM/ibmcloud-iam-operator/pkg/controller/accesspolicy/accesspolicy_controller.go:254.34,255.30 1 1
github.com/IBM/ibmcloud-iam-operator/pkg/controller/accesspolicy/accesspolicy_controller.go:275.4,276.74 2 1
github.com/IBM/ibmcloud-iam-operator/pkg/controller/accesspolicy/accesspolicy_controller.go:280.4,280.34 1 1
github.com/IBM/ibmcloud-iam-operator/pkg/controller/accesspolicy/accesspolicy_controller.go:255.30,257.19 2 1
github.com/IBM/ibmcloud-iam-operator/pkg/controller/accesspolicy/accesspolicy_controller.go:263.5,264.43 2 1
github.com/IBM/ibmcloud-iam-operator/pkg/controller/accesspolicy/accesspolicy_controller.go:257.19,258.53 1 0
github.com/IBM/ibmcloud-iam-operator/pkg/controller/accesspolicy/accesspolicy_controller.go:258.53,261.7 2 0
github.com/IBM/ibmcloud-iam-operator/pkg/controller/accesspolicy/accesspolicy_controller.go:264.43,268.76 4 1
github.com/IBM/ibmcloud-iam-operator/pkg/controller/accesspolicy/accesspolicy_controller.go:268.76,271.7 2 0
github.com/IBM/ibmcloud-iam-operator/pkg/controller/accesspolicy/accesspolicy_controller.go:276.74,279.5 2 0
github.com/IBM/ibmcloud-iam-operator/pkg/controller/accesspolicy/accesspolicy_controller.go:286.16,290.82 4 1
github.com/IBM/ibmcloud-iam-operator/pkg/controller/accesspolicy/accesspolicy_controller.go:294.3,294.33 1 1
github.com/IBM/ibmcloud-iam-operator/pkg/controller/accesspolicy/accesspolicy_controller.go:290.82,293.4 2 0
github.com/IBM/ibmcloud-iam-operator/pkg/controller/accesspolicy/accesspolicy_controller.go:298.16,302.82 4 0
github.com/IBM/ibmcloud-iam-operator/pkg/controller/accesspolicy/accesspolicy_controller.go:306.3,306.33 1 0
github.com/IBM/ibmcloud-iam-operator/pkg/controller/accesspolicy/accesspolicy_controller.go:302.82,305.4 2 0
github.com/IBM/ibmcloud-iam-operator/pkg/controller/accesspolicy/accesspolicy_controller.go:310.16,314.82 4 1
github.com/IBM/ibmcloud-iam-operator/pkg/controller/accesspolicy/accesspolicy_controller.go:318.3,318.33 1 1
github.com/IBM/ibmcloud-iam-operator/pkg/controller/accesspolicy/accesspolicy_controller.go:314.82,317.4 2 0
github.com/IBM/ibmcloud-iam-operator/pkg/controller/accesspolicy/accesspolicy_controller.go:326.28,329.17 3 1
github.com/IBM/ibmcloud-iam-operator/pkg/controller/accesspolicy/accesspolicy_controller.go:341.3,341.72 1 1
github.com/IBM/ibmcloud-iam-operator/pkg/controller/accesspolicy/accesspolicy_controller.go:329.17,334.83 5 0
github.com/IBM/ibmcloud-iam-operator/pkg/controller/accesspolicy/accesspolicy_controller.go:338.4,338.73 1 0
github.com/IBM/ibmcloud-iam-operator/pkg/controller/accesspolicy/accesspolicy_controller.go:334.83,337.5 2 0
github.com/IBM/ibmcloud-iam-operator/pkg/controller/accesspolicy/accesspolicy_controller.go:341.72,343.18 2 0
github.com/IBM/ibmcloud-iam-operator/pkg/controller/accesspolicy/accesspolicy_controller.go:353.4,361.83 8 0
github.com/IBM/ibmcloud-iam-operator/pkg/controller/accesspolicy/accesspolicy_controller.go:343.18,347.84 4 0
github.com/IBM/ibmcloud-iam-operator/pkg/controller/accesspolicy/accesspolicy_controller.go:351.5,351.35 1 0
github.com/IBM/ibmcloud-iam-operator/pkg/controller/accesspolicy/accesspolicy_controller.go:347.84,350.6 2 0
github.com/IBM/ibmcloud-iam-operator/pkg/controller/accesspolicy/accesspolicy_controller.go:361.83,364.5 2 0
github.com/IBM/ibmcloud-iam-operator/pkg/controller/accesspolicy/accesspolicy_controller.go:366.8,368.17 2 1
github.com/IBM/ibmcloud-iam-operator/pkg/controller/accesspolicy/accesspolicy_controller.go:378.3,386.82 8 1
github.com/IBM/ibmcloud-iam-operator/pkg/controller/accesspolicy/accesspolicy_controller.go:368.17,372.83 4 1
github.com/IBM/ibmcloud-iam-operator/pkg/controller/accesspolicy/accesspolicy_controller.go:376.4,376.34 1 1
github.com/IBM/ibmcloud-iam-operator/pkg/controller/accesspolicy/accesspolicy_controller.go:372.83,375.5 2 0
github.com/IBM/ibmcloud-iam-operator/pkg/controller/accesspolicy/accesspolicy_controller.go:386.82,389.19 3 0
github.com/IBM/ibmcloud-iam-operator/pkg/controller/accesspolicy/accesspolicy_controller.go:395.4,396.34 2 0
github.com/IBM/ibmcloud-iam-operator/pkg/controller/accesspolicy/accesspolicy_controller.go:389.19,390.53 1 0
github.com/IBM/ibmcloud-iam-operator/pkg/controller/accesspolicy/accesspolicy_controller.go:390.53,393.6 2 0
github.com/IBM/ibmcloud-iam-operator/pkg/controller/accesspolicy/accesspolicy_controller.go:402.82,403.67 1 1
github.com/IBM/ibmcloud-iam-operator/pkg/controller/accesspolicy/accesspolicy_controller.go:408.2,408.42 1 1
github.com/IBM/ibmcloud-iam-operator/pkg/controller/accesspolicy/accesspolicy_controller.go:415.2,415.69 1 1
github.com/IBM/ibmcloud-iam-operator/pkg/controller/accesspolicy/accesspolicy_controller.go:419.2,419.14 1 1
github.com/IBM/ibmcloud-iam-operator/pkg/controller/accesspolicy/accesspolicy_controller.go:403.67,406.3 2 0
github.com/IBM/ibmcloud-iam-operator/pkg/controller/accesspolicy/accesspolicy_controller.go:408.42,409.32 1 1
github.com/IBM/ibmcloud-iam-operator/pkg/controller/accesspolicy/accesspolicy_controller.go:409.32,412.4 2 0
github.com/IBM/ibmcloud-iam-operator/pkg/controller/accesspolicy/accesspolicy_controller.go:415.69,418.3 2 0
github.com/IBM/ibmcloud-iam-operator/pkg/controller/accesspolicy/accesspolicy_controller.go:422.66,423.35 1 1
github.com/IBM/ibmcloud-iam-operator/pkg/controller/accesspolicy/accesspolicy_controller.go:428.5,428.17 1 0
github.com/IBM/ibmcloud-iam-operator/pkg/controller/accesspolicy/accesspolicy_controller.go:423.35,424.49 1 1
github.com/IBM/ibmcloud-iam-operator/pkg/controller/accesspolicy/accesspolicy_controller.go:424.49,426.10 1 1
github.com/IBM/ibmcloud-iam-operator/pkg/controller/accesspolicy/accesspolicy_controller.go:431.64,432.79 1 1
github.com/IBM/ibmcloud-iam-operator/pkg/controller/accesspolicy/accesspolicy_controller.go:436.2,436.36 1 1
github.com/IBM/ibmcloud-iam-operator/pkg/controller/accesspolicy/accesspolicy_controller.go:439.2,439.72 1 1
github.com/IBM/ibmcloud-iam-operator/pkg/controller/accesspolicy/accesspolicy_controller.go:443.2,443.68 1 1
github.com/IBM/ibmcloud-iam-operator/pkg/controller/accesspolicy/accesspolicy_controller.go:447.2,447.70 1 1
github.com/IBM/ibmcloud-iam-operator/pkg/controller/accesspolicy/accesspolicy_controller.go:451.2,451.14 1 1
github.com/IBM/ibmcloud-iam-operator/pkg/controller/accesspolicy/accesspolicy_controller.go:432.79,434.3 1 0
github.com/IBM/ibmcloud-iam-operator/pkg/controller/accesspolicy/accesspolicy_controller.go:436.36,438.3 1 0
github.com/IBM/ibmcloud-iam-operator/pkg/controller/accesspolicy/accesspolicy_controller.go:439.72,442.3 2 0
github.com/IBM/ibmcloud-iam-operator/pkg/controller/accesspolicy/accesspolicy_controller.go:443.68,446.3 2 0
github.com/IBM/ibmcloud-iam-operator/pkg/controller/accesspolicy/accesspolicy_controller.go:447.70,450.3 2 0
github.com/IBM/ibmcloud-iam-operator/pkg/controller/accesspolicy/accesspolicy_controller.go:454.114,456.16 2 1
github.com/IBM/ibmcloud-iam-operator/pkg/controller/accesspolicy/accesspolicy_controller.go:459.2,459.28 1 1
github.com/IBM/ibmcloud-iam-operator/pkg/controller/accesspolicy/accesspolicy_controller.go:456.16,458.3 1 1
github.com/IBM/ibmcloud-iam-operator/pkg/controller/accesspolicy/accesspolicy_controller.go:462.150,464.16 2 0
github.com/IBM/ibmcloud-iam-operator/pkg/controller/accesspolicy/accesspolicy_controller.go:467.2,467.28 1 0
github.com/IBM/ibmcloud-iam-operator/pkg/controller/accesspolicy/accesspolicy_controller.go:464.16,466.3 1 0
github.com/IBM/ibmcloud-iam-operator/pkg/controller/accesspolicy/accesspolicy_controller.go:470.95,472.16 2 1
github.com/IBM/ibmcloud-iam-operator/pkg/controller/accesspolicy/accesspolicy_controller.go:490.2,490.12 1 1
github.com/IBM/ibmcloud-iam-operator/pkg/controller/accesspolicy/accesspolicy_controller.go:472.16,474.3 1 0
github.com/IBM/ibmcloud-iam-operator/pkg/controller/accesspolicy/accesspolicy_controller.go:493.257,495.43 1 1
github.com/IBM/ibmcloud-iam-operator/pkg/controller/accesspolicy/accesspolicy_controller.go:580.2,580.17 1 0
github.com/IBM/ibmcloud-iam-operator/pkg/controller/accesspolicy/accesspolicy_controller.go:495.43,497.17 2 1
github.com/IBM/ibmcloud-iam-operator/pkg/controller/accesspolicy/accesspolicy_controller.go:501.3,502.17 2 1
github.com/IBM/ibmcloud-iam-operator/pkg/controller/accesspolicy/accesspolicy_controller.go:506.3,506.48 1 1
github.com/IBM/ibmcloud-iam-operator/pkg/controller/accesspolicy/accesspolicy_controller.go:510.3,510.126 1 1
github.com/IBM/ibmcloud-iam-operator/pkg/controller/accesspolicy/accesspolicy_controller.go:518.3,527.9 1 1
github.com/IBM/ibmcloud-iam-operator/pkg/controller/accesspolicy/accesspolicy_controller.go:497.17,499.4 1 0
github.com/IBM/ibmcloud-iam-operator/pkg/controller/accesspolicy/accesspolicy_controller.go:502.17,504.4 1 0
github.com/IBM/ibmcloud-iam-operator/pkg/controller/accesspolicy/accesspolicy_controller.go:506.48,508.4 1 0
github.com/IBM/ibmcloud-iam-operator/pkg/controller/accesspolicy/accesspolicy_controller.go:510.126,512.18 2 1
github.com/IBM/ibmcloud-iam-operator/pkg/controller/accesspolicy/accesspolicy_controller.go:515.4,515.54 1 1
github.com/IBM/ibmcloud-iam-operator/pkg/controller/accesspolicy/accesspolicy_controller.go:512.18,514.5 1 0
github.com/IBM/ibmcloud-iam-operator/pkg/controller/accesspolicy/accesspolicy_controller.go:528.8,528.50 1 1
github.com/IBM/ibmcloud-iam-operator/pkg/controller/accesspolicy/accesspolicy_controller.go:528.50,531.17 2 1
github.com/IBM/ibmcloud-iam-operator/pkg/controller/accesspolicy/accesspolicy_controller.go:535.3,544.9 1 1
github.com/IBM/ibmcloud-iam-operator/pkg/controller/accesspolicy/accesspolicy_controller.go:531.17,533.4 1 1
github.com/IBM/ibmcloud-iam-operator/pkg/controller/accesspolicy/accesspolicy_controller.go:545.8,545.54 1 1
github.com/IBM/ibmcloud-iam-operator/pkg/controller/accesspolicy/accesspolicy_controller.go:545.54,548.17 2 1
github.com/IBM/ibmcloud-iam-operator/pkg/controller/accesspolicy/accesspolicy_controller.go:552.3,561.9 1 1
github.com/IBM/ibmcloud-iam-operator/pkg/controller/accesspolicy/accesspolicy_controller.go:548.17,550.4 1 1
github.com/IBM/ibmcloud-iam-operator/pkg/controller/accesspolicy/accesspolicy_controller.go:562.8,562.57 1 0
github.com/IBM/ibmcloud-iam-operator/pkg/controller/accesspolicy/accesspolicy_controller.go:562.57,564.17 2 0
github.com/IBM/ibmcloud-iam-operator/pkg/controller/accesspolicy/accesspolicy_controller.go:569.3,578.9 1 0
github.com/IBM/ibmcloud-iam-operator/pkg/controller/accesspolicy/accesspolicy_controller.go:564.17,567.4 2 0
github.com/IBM/ibmcloud-iam-operator/pkg/controller/accesspolicy/accesspolicy_controller.go:583.222,587.47 2 1
github.com/IBM/ibmcloud-iam-operator/pkg/controller/accesspolicy/accesspolicy_controller.go:603.2,603.51 1 1
github.com/IBM/ibmcloud-iam-operator/pkg/controller/accesspolicy/accesspolicy_controller.go:619.2,619.49 1 1
github.com/IBM/ibmcloud-iam-operator/pkg/controller/accesspolicy/accesspolicy_controller.go:647.2,647.25 1 1
github.com/IBM/ibmcloud-iam-operator/pkg/controller/accesspolicy/accesspolicy_controller.go:587.47,590.17 2 1
github.com/IBM/ibmcloud-iam-operator/pkg/controller/accesspolicy/accesspolicy_controller.go:595.3,596.17 2 1
github.com/IBM/ibmcloud-iam-operator/pkg/controller/accesspolicy/accesspolicy_controller.go:600.3,600.57 1 1
github.com/IBM/ibmcloud-iam-operator/pkg/controller/accesspolicy/accesspolicy_controller.go:590.17,593.4 2 0
github.com/IBM/ibmcloud-iam-operator/pkg/controller/accesspolicy/accesspolicy_controller.go:596.17,599.4 2 1
github.com/IBM/ibmcloud-iam-operator/pkg/controller/accesspolicy/accesspolicy_controller.go:603.51,606.17 2 0
github.com/IBM/ibmcloud-iam-operator/pkg/controller/accesspolicy/accesspolicy_controller.go:611.3,612.17 2 0
github.com/IBM/ibmcloud-iam-operator/pkg/controller/accesspolicy/accesspolicy_controller.go:616.3,616.82 1 0
github.com/IBM/ibmcloud-iam-operator/pkg/controller/accesspolicy/accesspolicy_controller.go:606.17,609.4 2 0
github.com/IBM/ibmcloud-iam-operator/pkg/controller/accesspolicy/accesspolicy_controller.go:612.17,615.4 2 0
github.com/IBM/ibmcloud-iam-operator/pkg/controller/accesspolicy/accesspolicy_controller.go:619.49,623.62 3 0
github.com/IBM/ibmcloud-iam-operator/pkg/controller/accesspolicy/accesspolicy_controller.go:640.3,641.17 2 0
github.com/IBM/ibmcloud-iam-operator/pkg/controller/accesspolicy/accesspolicy_controller.go:645.3,645.84 1 0
github.com/IBM/ibmcloud-iam-operator/pkg/controller/accesspolicy/accesspolicy_controller.go:623.62,625.18 2 0
github.com/IBM/ibmcloud-iam-operator/pkg/controller/accesspolicy/accesspolicy_controller.go:629.4,633.18 4 0
github.com/IBM/ibmcloud-iam-operator/pkg/controller/accesspolicy/accesspolicy_controller.go:637.4,637.53 1 0
github.com/IBM/ibmcloud-iam-operator/pkg/controller/accesspolicy/accesspolicy_controller.go:625.18,628.5 2 0
github.com/IBM/ibmcloud-iam-operator/pkg/controller/accesspolicy/accesspolicy_controller.go:633.18,636.5 2 0
github.com/IBM/ibmcloud-iam-operator/pkg/controller/accesspolicy/accesspolicy_controller.go:641.17,644.4 2 0
github.com/IBM/ibmcloud-iam-operator/pkg/controller/accesspolicy/accesspolicy_controller.go:650.126,654.46 2 1
github.com/IBM/ibmcloud-iam-operator/pkg/controller/accesspolicy/accesspolicy_controller.go:657.2,657.42 1 1
github.com/IBM/ibmcloud-iam-operator/pkg/controller/accesspolicy/accesspolicy_controller.go:660.2,660.45 1 1
github.com/IBM/ibmcloud-iam-operator/pkg/controller/accesspolicy/accesspolicy_controller.go:663.2,663.43 1 1
github.com/IBM/ibmcloud-iam-operator/pkg/controller/accesspolicy/accesspolicy_controller.go:666.4,666.48 1 1
github.com/IBM/ibmcloud-iam-operator/pkg/controller/accesspolicy/accesspolicy_controller.go:669.2,669.88 1 1
github.com/IBM/ibmcloud-iam-operator/pkg/controller/accesspolicy/accesspolicy_controller.go:673.2,673.28 1 1
github.com/IBM/ibmcloud-iam-operator/pkg/controller/accesspolicy/accesspolicy_controller.go:654.46,656.3 1 1
github.com/IBM/ibmcloud-iam-operator/pkg/controller/accesspolicy/accesspolicy_controller.go:657.42,659.3 1 1
github.com/IBM/ibmcloud-iam-operator/pkg/controller/accesspolicy/accesspolicy_controller.go:660.45,662.3 1 1
github.com/IBM/ibmcloud-iam-operator/pkg/controller/accesspolicy/accesspolicy_controller.go:663.43,665.3 1 1
github.com/IBM/ibmcloud-iam-operator/pkg/controller/accesspolicy/accesspolicy_controller.go:666.48,668.3 1 1
github.com/IBM/ibmcloud-iam-operator/pkg/controller/accesspolicy/accesspolicy_controller.go:669.88,671.3 1 0
github.com/IBM/ibmcloud-iam-operator/pkg/controller/accesspolicy/accesspolicy_controller.go:676.136,678.69 2 0
github.com/IBM/ibmcloud-iam-operator/pkg/controller/accesspolicy/accesspolicy_controller.go:681.2,683.16 3 0
github.com/IBM/ibmcloud-iam-operator/pkg/controller/accesspolicy/accesspolicy_controller.go:687.2,687.33 1 0
github.com/IBM/ibmcloud-iam-operator/pkg/controller/accesspolicy/accesspolicy_controller.go:678.69,680.3 1 0
github.com/IBM/ibmcloud-iam-operator/pkg/controller/accesspolicy/accesspolicy_controller.go:683.16,686.3 2 0
github.com/IBM/ibmcloud-iam-operator/pkg/controller/accesspolicy/accesspolicy_controller.go:690.181,692.44 2 0
github.com/IBM/ibmcloud-iam-operator/pkg/controller/accesspolicy/accesspolicy_controller.go:695.2,697.16 3 0
github.com/IBM/ibmcloud-iam-operator/pkg/controller/accesspolicy/accesspolicy_controller.go:701.2,701.32 1 0
github.com/IBM/ibmcloud-iam-operator/pkg/controller/accesspolicy/accesspolicy_controller.go:692.44,694.3 1 0
github.com/IBM/ibmcloud-iam-operator/pkg/controller/accesspolicy/accesspolicy_controller.go:697.16,700.3 2 0
github.com/IBM/ibmcloud-iam-operator/pkg/controller/accesspolicy/accesspolicy_controller.go:704.64,706.171 2 1
github.com/IBM/ibmcloud-iam-operator/pkg/controller/accesspolicy/accesspolicy_controller.go:710.2,710.171 1 1
github.com/IBM/ibmcloud-iam-operator/pkg/controller/accesspolicy/accesspolicy_controller.go:714.2,714.171 1 1
github.com/IBM/ibmcloud-iam-operator/pkg/controller/accesspolicy/accesspolicy_controller.go:718.2,718.171 1 1
github.com/IBM/ibmcloud-iam-operator/pkg/controller/accesspolicy/accesspolicy_controller.go:722.2,722.13 1 1
github.com/IBM/ibmcloud-iam-operator/pkg/controller/accesspolicy/accesspolicy_controller.go:706.171,708.3 1 0
github.com/IBM/ibmcloud-iam-operator/pkg/controller/accesspolicy/accesspolicy_controller.go:710.171,712.3 1 0
github.com/IBM/ibmcloud-iam-operator/pkg/controller/accesspolicy/accesspolicy_controller.go:714.171,716.3 1 0
github.com/IBM/ibmcloud-iam-operator/pkg/controller/accesspolicy/accesspolicy_controller.go:718.171,720.3 1 0
github.com/IBM/ibmcloud-iam-operator/pkg/controller/accessgroup/accessgroup_controller.go:54.69,55.59 1 1
github.com/IBM/ibmcloud-iam-operator/pkg/controller/accessgroup/accessgroup_controller.go:60.2,60.14 1 1
github.com/IBM/ibmcloud-iam-operator/pkg/controller/accessgroup/accessgroup_controller.go:55.59,56.56 1 1
github.com/IBM/ibmcloud-iam-operator/pkg/controller/accessgroup/accessgroup_controller.go:56.56,58.4 1 1
github.com/IBM/ibmcloud-iam-operator/pkg/controller/accessgroup/accessgroup_controller.go:64.71,66.59 2 1
github.com/IBM/ibmcloud-iam-operator/pkg/controller/accessgroup/accessgroup_controller.go:72.2,72.15 1 1
github.com/IBM/ibmcloud-iam-operator/pkg/controller/accessgroup/accessgroup_controller.go:66.59,67.40 1 1
github.com/IBM/ibmcloud-iam-operator/pkg/controller/accessgroup/accessgroup_controller.go:70.3,70.37 1 0
github.com/IBM/ibmcloud-iam-operator/pkg/controller/accessgroup/accessgroup_controller.go:67.40,68.12 1 1
github.com/IBM/ibmcloud-iam-operator/pkg/controller/accessgroup/accessgroup_controller.go:77.37,79.2 1 0
github.com/IBM/ibmcloud-iam-operator/pkg/controller/accessgroup/accessgroup_controller.go:82.62,84.2 1 1
github.com/IBM/ibmcloud-iam-operator/pkg/controller/accessgroup/accessgroup_controller.go:87.61,90.16 2 1
github.com/IBM/ibmcloud-iam-operator/pkg/controller/accessgroup/accessgroup_controller.go:95.2,96.16 2 1
github.com/IBM/ibmcloud-iam-operator/pkg/controller/accessgroup/accessgroup_controller.go:100.2,104.16 2 1
github.com/IBM/ibmcloud-iam-operator/pkg/controller/accessgroup/accessgroup_controller.go:108.2,108.12 1 1
github.com/IBM/ibmcloud-iam-operator/pkg/controller/accessgroup/accessgroup_controller.go:90.16,92.3 1 0
github.com/IBM/ibmcloud-iam-operator/pkg/controller/accessgroup/accessgroup_controller.go:96.16,98.3 1 0
github.com/IBM/ibmcloud-iam-operator/pkg/controller/accessgroup/accessgroup_controller.go:104.16,106.3 1 0
github.com/IBM/ibmcloud-iam-operator/pkg/controller/accessgroup/accessgroup_controller.go:127.95,134.16 5 1
github.com/IBM/ibmcloud-iam-operator/pkg/controller/accessgroup/accessgroup_controller.go:148.2,148.78 1 1
github.com/IBM/ibmcloud-iam-operator/pkg/controller/accessgroup/accessgroup_controller.go:158.2,158.30 1 1
github.com/IBM/ibmcloud-iam-operator/pkg/controller/accessgroup/accessgroup_controller.go:179.2,180.16 2 1
github.com/IBM/ibmcloud-iam-operator/pkg/controller/accessgroup/accessgroup_controller.go:200.2,203.16 3 1
github.com/IBM/ibmcloud-iam-operator/pkg/controller/accessgroup/accessgroup_controller.go:207.2,210.16 3 1
github.com/IBM/ibmcloud-iam-operator/pkg/controller/accessgroup/accessgroup_controller.go:214.2,217.16 3 1
github.com/IBM/ibmcloud-iam-operator/pkg/controller/accessgroup/accessgroup_controller.go:221.2,225.53 3 1
github.com/IBM/ibmcloud-iam-operator/pkg/controller/accessgroup/accessgroup_controller.go:266.2,266.27 1 1
github.com/IBM/ibmcloud-iam-operator/pkg/controller/accessgroup/accessgroup_controller.go:355.2,355.71 1 1
github.com/IBM/ibmcloud-iam-operator/pkg/controller/accessgroup/accessgroup_controller.go:134.16,135.29 1 1
github.com/IBM/ibmcloud-iam-operator/pkg/controller/accessgroup/accessgroup_controller.go:143.3,144.33 2 0
github.com/IBM/ibmcloud-iam-operator/pkg/controller/accessgroup/accessgroup_controller.go:135.29,141.4 2 1
github.com/IBM/ibmcloud-iam-operator/pkg/controller/accessgroup/accessgroup_controller.go:148.78,151.82 3 1
github.com/IBM/ibmcloud-iam-operator/pkg/controller/accessgroup/accessgroup_controller.go:151.82,154.4 2 1
github.com/IBM/ibmcloud-iam-operator/pkg/controller/accessgroup/accessgroup_controller.go:158.30,159.54 1 1
github.com/IBM/ibmcloud-iam-operator/pkg/controller/accessgroup/accessgroup_controller.go:168.3,168.40 1 1
github.com/IBM/ibmcloud-iam-operator/pkg/controller/accessgroup/accessgroup_controller.go:176.3,176.72 1 1
github.com/IBM/ibmcloud-iam-operator/pkg/controller/accessgroup/accessgroup_controller.go:159.54,162.74 2 0
github.com/IBM/ibmcloud-iam-operator/pkg/controller/accessgroup/accessgroup_controller.go:166.4,166.34 1 0
github.com/IBM/ibmcloud-iam-operator/pkg/controller/accessgroup/accessgroup_controller.go:162.74,165.5 1 0
github.com/IBM/ibmcloud-iam-operator/pkg/controller/accessgroup/accessgroup_controller.go:168.40,171.83 3 1
github.com/IBM/ibmcloud-iam-operator/pkg/controller/accessgroup/accessgroup_controller.go:171.83,174.5 2 1
github.com/IBM/ibmcloud-iam-operator/pkg/controller/accessgroup/accessgroup_controller.go:180.16,182.54 2 1
github.com/IBM/ibmcloud-iam-operator/pkg/controller/accessgroup/accessgroup_controller.go:191.3,193.82 3 1
github.com/IBM/ibmcloud-iam-operator/pkg/controller/accessgroup/accessgroup_controller.go:197.3,197.33 1 1
github.com/IBM/ibmcloud-iam-operator/pkg/controller/accessgroup/accessgroup_controller.go:182.54,185.74 2 1
github.com/IBM/ibmcloud-iam-operator/pkg/controller/accessgroup/accessgroup_controller.go:189.4,189.34 1 1
github.com/IBM/ibmcloud-iam-operator/pkg/controller/accessgroup/accessgroup_controller.go:185.74,188.5 1 1
github.com/IBM/ibmcloud-iam-operator/pkg/controller/accessgroup/accessgroup_controller.go:193.82,196.4 2 1
github.com/IBM/ibmcloud-iam-operator/pkg/controller/accessgroup/accessgroup_controller.go:203.16,206.3 2 0
github.com/IBM/ibmcloud-iam-operator/pkg/controller/accessgroup/accessgroup_controller.go:210.16,213.3 2 0
github.com/IBM/ibmcloud-iam-operator/pkg/controller/accessgroup/accessgroup_controller.go:217.16,220.3 2 0
github.com/IBM/ibmcloud-iam-operator/pkg/controller/accessgroup/accessgroup_controller.go:225.53,227.35 1 1
github.com/IBM/ibmcloud-iam-operator/pkg/controller/accessgroup/accessgroup_controller.go:227.35,229.74 2 1
github.com/IBM/ibmcloud-iam-operator/pkg/controller/accessgroup/accessgroup_controller.go:229.74,232.5 2 1
github.com/IBM/ibmcloud-iam-operator/pkg/controller/accessgroup/accessgroup_controller.go:234.8,236.34 1 1
github.com/IBM/ibmcloud-iam-operator/pkg/controller/accessgroup/accessgroup_controller.go:236.34,237.29 1 1
github.com/IBM/ibmcloud-iam-operator/pkg/controller/accessgroup/accessgroup_controller.go:257.4,258.74 2 1
github.com/IBM/ibmcloud-iam-operator/pkg/controller/accessgroup/accessgroup_controller.go:262.4,262.34 1 1
github.com/IBM/ibmcloud-iam-operator/pkg/controller/accessgroup/accessgroup_controller.go:237.29,239.19 2 1
github.com/IBM/ibmcloud-iam-operator/pkg/controller/accessgroup/accessgroup_controller.go:245.5,246.43 2 1
github.com/IBM/ibmcloud-iam-operator/pkg/controller/accessgroup/accessgroup_controller.go:239.19,240.58 1 0
github.com/IBM/ibmcloud-iam-operator/pkg/controller/accessgroup/accessgroup_controller.go:240.58,243.7 2 0
github.com/IBM/ibmcloud-iam-operator/pkg/controller/accessgroup/accessgroup_controller.go:246.43,250.76 4 1
github.com/IBM/ibmcloud-iam-operator/pkg/controller/accessgroup/accessgroup_controller.go:250.76,253.7 2 0
github.com/IBM/ibmcloud-iam-operator/pkg/controller/accessgroup/accessgroup_controller.go:258.74,261.5 2 0
github.com/IBM/ibmcloud-iam-operator/pkg/controller/accessgroup/accessgroup_controller.go:266.27,268.17 2 1
github.com/IBM/ibmcloud-iam-operator/pkg/controller/accessgroup/accessgroup_controller.go:280.3,281.17 2 1
github.com/IBM/ibmcloud-iam-operator/pkg/controller/accessgroup/accessgroup_controller.go:293.3,293.129 1 1
github.com/IBM/ibmcloud-iam-operator/pkg/controller/accessgroup/accessgroup_controller.go:268.17,273.83 5 0
github.com/IBM/ibmcloud-iam-operator/pkg/controller/accessgroup/accessgroup_controller.go:277.4,277.73 1 0
github.com/IBM/ibmcloud-iam-operator/pkg/controller/accessgroup/accessgroup_controller.go:273.83,276.5 2 0
github.com/IBM/ibmcloud-iam-operator/pkg/controller/accessgroup/accessgroup_controller.go:281.17,286.83 5 0
github.com/IBM/ibmcloud-iam-operator/pkg/controller/accessgroup/accessgroup_controller.go:290.4,290.73 1 0
github.com/IBM/ibmcloud-iam-operator/pkg/controller/accessgroup/accessgroup_controller.go:286.83,289.5 2 0
github.com/IBM/ibmcloud-iam-operator/pkg/controller/accessgroup/accessgroup_controller.go:293.129,295.18 2 0
github.com/IBM/ibmcloud-iam-operator/pkg/controller/accessgroup/accessgroup_controller.go:306.4,315.83 9 0
github.com/IBM/ibmcloud-iam-operator/pkg/controller/accessgroup/accessgroup_controller.go:295.18,299.84 4 0
github.com/IBM/ibmcloud-iam-operator/pkg/controller/accessgroup/accessgroup_controller.go:304.5,304.35 1 0
github.com/IBM/ibmcloud-iam-operator/pkg/controller/accessgroup/accessgroup_controller.go:299.84,303.6 2 0
github.com/IBM/ibmcloud-iam-operator/pkg/controller/accessgroup/accessgroup_controller.go:315.83,319.5 2 0
github.com/IBM/ibmcloud-iam-operator/pkg/controller/accessgroup/accessgroup_controller.go:321.8,323.17 2 1
github.com/IBM/ibmcloud-iam-operator/pkg/controller/accessgroup/accessgroup_controller.go:333.3,342.82 9 1
github.com/IBM/ibmcloud-iam-operator/pkg/controller/accessgroup/accessgroup_controller.go:323.17,327.83 4 1
github.com/IBM/ibmcloud-iam-operator/pkg/controller/accessgroup/accessgroup_controller.go:331.4,331.34 1 1
github.com/IBM/ibmcloud-iam-operator/pkg/controller/accessgroup/accessgroup_controller.go:327.83,330.5 2 1
github.com/IBM/ibmcloud-iam-operator/pkg/controller/accessgroup/accessgroup_controller.go:342.82,345.20 3 1
github.com/IBM/ibmcloud-iam-operator/pkg/controller/accessgroup/accessgroup_controller.go:351.4,352.34 2 1
github.com/IBM/ibmcloud-iam-operator/pkg/controller/accessgroup/accessgroup_controller.go:345.20,346.58 1 0
github.com/IBM/ibmcloud-iam-operator/pkg/controller/accessgroup/accessgroup_controller.go:346.58,349.6 2 0
github.com/IBM/ibmcloud-iam-operator/pkg/controller/accessgroup/accessgroup_controller.go:358.252,360.76 2 1
github.com/IBM/ibmcloud-iam-operator/pkg/controller/accessgroup/accessgroup_controller.go:365.2,365.77 1 1
github.com/IBM/ibmcloud-iam-operator/pkg/controller/accessgroup/accessgroup_controller.go:370.2,371.51 2 1
github.com/IBM/ibmcloud-iam-operator/pkg/controller/accessgroup/accessgroup_controller.go:383.2,383.51 1 1
github.com/IBM/ibmcloud-iam-operator/pkg/controller/accessgroup/accessgroup_controller.go:392.2,392.49 1 1
github.com/IBM/ibmcloud-iam-operator/pkg/controller/accessgroup/accessgroup_controller.go:395.2,395.32 1 1
github.com/IBM/ibmcloud-iam-operator/pkg/controller/accessgroup/accessgroup_controller.go:402.2,402.14 1 1
github.com/IBM/ibmcloud-iam-operator/pkg/controller/accessgroup/accessgroup_controller.go:360.76,363.3 2 0
github.com/IBM/ibmcloud-iam-operator/pkg/controller/accessgroup/accessgroup_controller.go:365.77,368.3 2 0
github.com/IBM/ibmcloud-iam-operator/pkg/controller/accessgroup/accessgroup_controller.go:371.51,374.120 2 1
github.com/IBM/ibmcloud-iam-operator/pkg/controller/accessgroup/accessgroup_controller.go:374.120,380.4 2 1
github.com/IBM/ibmcloud-iam-operator/pkg/controller/accessgroup/accessgroup_controller.go:383.51,390.3 3 1
github.com/IBM/ibmcloud-iam-operator/pkg/controller/accessgroup/accessgroup_controller.go:392.49,394.3 1 0
github.com/IBM/ibmcloud-iam-operator/pkg/controller/accessgroup/accessgroup_controller.go:395.32,396.36 1 1
github.com/IBM/ibmcloud-iam-operator/pkg/controller/accessgroup/accessgroup_controller.go:396.36,399.4 2 0
github.com/IBM/ibmcloud-iam-operator/pkg/controller/accessgroup/accessgroup_controller.go:405.63,406.78 1 1
github.com/IBM/ibmcloud-iam-operator/pkg/controller/accessgroup/accessgroup_controller.go:410.2,410.35 1 1
github.com/IBM/ibmcloud-iam-operator/pkg/controller/accessgroup/accessgroup_controller.go:413.2,413.65 1 1
github.com/IBM/ibmcloud-iam-operator/pkg/controller/accessgroup/accessgroup_controller.go:418.2,418.79 1 1
github.com/IBM/ibmcloud-iam-operator/pkg/controller/accessgroup/accessgroup_controller.go:423.2,423.77 1 1
github.com/IBM/ibmcloud-iam-operator/pkg/controller/accessgroup/accessgroup_controller.go:428.2,428.77 1 1
github.com/IBM/ibmcloud-iam-operator/pkg/controller/accessgroup/accessgroup_controller.go:433.2,433.14 1 1
github.com/IBM/ibmcloud-iam-operator/pkg/controller/accessgroup/accessgroup_controller.go:406.78,408.3 1 0
github.com/IBM/ibmcloud-iam-operator/pkg/controller/accessgroup/accessgroup_controller.go:410.35,412.3 1 0
github.com/IBM/ibmcloud-iam-operator/pkg/controller/accessgroup/accessgroup_controller.go:413.65,416.3 2 0
github.com/IBM/ibmcloud-iam-operator/pkg/controller/accessgroup/accessgroup_controller.go:418.79,421.3 2 0
github.com/IBM/ibmcloud-iam-operator/pkg/controller/accessgroup/accessgroup_controller.go:423.77,426.3 2 0
github.com/IBM/ibmcloud-iam-operator/pkg/controller/accessgroup/accessgroup_controller.go:428.77,431.3 2 0
github.com/IBM/ibmcloud-iam-operator/pkg/controller/accessgroup/accessgroup_controller.go:436.303,440.28 3 1
github.com/IBM/ibmcloud-iam-operator/pkg/controller/accessgroup/accessgroup_controller.go:457.2,459.51 3 1
github.com/IBM/ibmcloud-iam-operator/pkg/controller/accessgroup/accessgroup_controller.go:486.2,486.51 1 1
github.com/IBM/ibmcloud-iam-operator/pkg/controller/accessgroup/accessgroup_controller.go:501.2,506.28 3 1
github.com/IBM/ibmcloud-iam-operator/pkg/controller/accessgroup/accessgroup_controller.go:440.28,450.17 4 1
github.com/IBM/ibmcloud-iam-operator/pkg/controller/accessgroup/accessgroup_controller.go:450.17,452.4 1 0
github.com/IBM/ibmcloud-iam-operator/pkg/controller/accessgroup/accessgroup_controller.go:453.8,455.3 1 0
github.com/IBM/ibmcloud-iam-operator/pkg/controller/accessgroup/accessgroup_controller.go:459.51,461.17 2 1
github.com/IBM/ibmcloud-iam-operator/pkg/controller/accessgroup/accessgroup_controller.go:466.3,467.17 2 1
github.com/IBM/ibmcloud-iam-operator/pkg/controller/accessgroup/accessgroup_controller.go:472.3,472.120 1 1
github.com/IBM/ibmcloud-iam-operator/pkg/controller/accessgroup/accessgroup_controller.go:478.3,483.37 2 1
github.com/IBM/ibmcloud-iam-operator/pkg/controller/accessgroup/accessgroup_controller.go:461.17,464.4 2 0
github.com/IBM/ibmcloud-iam-operator/pkg/controller/accessgroup/accessgroup_controller.go:467.17,470.4 2 0
github.com/IBM/ibmcloud-iam-operator/pkg/controller/accessgroup/accessgroup_controller.go:472.120,476.4 3 1
github.com/IBM/ibmcloud-iam-operator/pkg/controller/accessgroup/accessgroup_controller.go:486.51,488.17 2 1
github.com/IBM/ibmcloud-iam-operator/pkg/controller/accessgroup/accessgroup_controller.go:492.3,497.37 2 1
github.com/IBM/ibmcloud-iam-operator/pkg/controller/accessgroup/accessgroup_controller.go:488.17,491.4 2 1
github.com/IBM/ibmcloud-iam-operator/pkg/controller/accessgroup/accessgroup_controller.go:509.361,517.16 5 0
github.com/IBM/ibmcloud-iam-operator/pkg/controller/accessgroup/accessgroup_controller.go:521.2,522.51 2 0
github.com/IBM/ibmcloud-iam-operator/pkg/controller/accessgroup/accessgroup_controller.go:546.2,546.51 1 0
github.com/IBM/ibmcloud-iam-operator/pkg/controller/accessgroup/accessgroup_controller.go:560.2,560.35 1 0
github.com/IBM/ibmcloud-iam-operator/pkg/controller/accessgroup/accessgroup_controller.go:570.2,571.31 2 0
github.com/IBM/ibmcloud-iam-operator/pkg/controller/accessgroup/accessgroup_controller.go:576.2,581.26 3 0
github.com/IBM/ibmcloud-iam-operator/pkg/controller/accessgroup/accessgroup_controller.go:517.16,519.3 1 0
github.com/IBM/ibmcloud-iam-operator/pkg/controller/accessgroup/accessgroup_controller.go:522.51,524.17 2 0
github.com/IBM/ibmcloud-iam-operator/pkg/controller/accessgroup/accessgroup_controller.go:528.3,529.17 2 0
github.com/IBM/ibmcloud-iam-operator/pkg/controller/accessgroup/accessgroup_controller.go:533.3,533.120 1 0
github.com/IBM/ibmcloud-iam-operator/pkg/controller/accessgroup/accessgroup_controller.go:538.3,543.43 2 0
github.com/IBM/ibmcloud-iam-operator/pkg/controller/accessgroup/accessgroup_controller.go:524.17,526.4 1 0
github.com/IBM/ibmcloud-iam-operator/pkg/controller/accessgroup/accessgroup_controller.go:529.17,531.4 1 0
github.com/IBM/ibmcloud-iam-operator/pkg/controller/accessgroup/accessgroup_controller.go:533.120,536.4 2 0
github.com/IBM/ibmcloud-iam-operator/pkg/controller/accessgroup/accessgroup_controller.go:546.51,548.17 2 0
github.com/IBM/ibmcloud-iam-operator/pkg/controller/accessgroup/accessgroup_controller.go:551.3,556.42 2 0
github.com/IBM/ibmcloud-iam-operator/pkg/controller/accessgroup/accessgroup_controller.go:548.17,550.4 1 0
github.com/IBM/ibmcloud-iam-operator/pkg/controller/accessgroup/accessgroup_controller.go:560.35,561.30 1 0
github.com/IBM/ibmcloud-iam-operator/pkg/controller/accessgroup/accessgroup_controller.go:561.30,562.67 1 0
github.com/IBM/ibmcloud-iam-operator/pkg/controller/accessgroup/accessgroup_controller.go:565.4,565.49 1 0
github.com/IBM/ibmcloud-iam-operator/pkg/controller/accessgroup/accessgroup_controller.go:562.68,564.5 0 0
github.com/IBM/ibmcloud-iam-operator/pkg/controller/accessgroup/accessgroup_controller.go:571.31,572.34 1 0
github.com/IBM/ibmcloud-iam-operator/pkg/controller/accessgroup/accessgroup_controller.go:572.34,574.4 1 0
github.com/IBM/ibmcloud-iam-operator/pkg/controller/accessgroup/accessgroup_controller.go:584.164,601.16 2 1
github.com/IBM/ibmcloud-iam-operator/pkg/controller/accessgroup/accessgroup_controller.go:604.2,604.12 1 1
github.com/IBM/ibmcloud-iam-operator/pkg/controller/accessgroup/accessgroup_controller.go:601.16,603.3 1 0
github.com/IBM/ibmcloud-iam-operator/pkg/controller/accessgroup/accessgroup_controller.go:607.82,608.25 1 1
github.com/IBM/ibmcloud-iam-operator/pkg/controller/accessgroup/accessgroup_controller.go:613.5,613.17 1 0
github.com/IBM/ibmcloud-iam-operator/pkg/controller/accessgroup/accessgroup_controller.go:608.25,609.41 1 1
github.com/IBM/ibmcloud-iam-operator/pkg/controller/accessgroup/accessgroup_controller.go:609.41,611.10 1 1
github.com/IBM/ibmcloud-iam-operator/pkg/controller/accessgroup/accessgroup_controller.go:616.63,617.102 1 1
github.com/IBM/ibmcloud-iam-operator/pkg/controller/accessgroup/accessgroup_controller.go:620.2,620.13 1 1
github.com/IBM/ibmcloud-iam-operator/pkg/controller/accessgroup/accessgroup_controller.go:617.102,619.3 1 1
