mode: set
github.com/IBM/ibmcloud-iam-operator/pkg/controller/accesspolicy/accesspolicy_controller.go:57.70,58.59 1 1
github.com/IBM/ibmcloud-iam-operator/pkg/controller/accesspolicy/accesspolicy_controller.go:63.2,63.14 1 1
github.com/IBM/ibmcloud-iam-operator/pkg/controller/accesspolicy/accesspolicy_controller.go:58.59,59.57 1 1
github.com/IBM/ibmcloud-iam-operator/pkg/controller/accesspolicy/accesspolicy_controller.go:59.57,61.4 1 1
github.com/IBM/ibmcloud-iam-operator/pkg/controller/accesspolicy/accesspolicy_controller.go:67.72,69.59 2 1
github.com/IBM/ibmcloud-iam-operator/pkg/controller/accesspolicy/accesspolicy_controller.go:75.2,75.15 1 1
github.com/IBM/ibmcloud-iam-operator/pkg/controller/accesspolicy/accesspolicy_controller.go:69.59,70.41 1 1
github.com/IBM/ibmcloud-iam-operator/pkg/controller/accesspolicy/accesspolicy_controller.go:73.3,73.37 1 0
github.com/IBM/ibmcloud-iam-operator/pkg/controller/accesspolicy/accesspolicy_controller.go:70.41,71.12 1 1
github.com/IBM/ibmcloud-iam-operator/pkg/controller/accesspolicy/accesspolicy_controller.go:80.37,82.2 1 0
github.com/IBM/ibmcloud-iam-operator/pkg/controller/accesspolicy/accesspolicy_controller.go:85.62,87.2 1 1
github.com/IBM/ibmcloud-iam-operator/pkg/controller/accesspolicy/accesspolicy_controller.go:90.61,93.16 2 1
github.com/IBM/ibmcloud-iam-operator/pkg/controller/accesspolicy/accesspolicy_controller.go:98.2,99.16 2 1
github.com/IBM/ibmcloud-iam-operator/pkg/controller/accesspolicy/accesspolicy_controller.go:103.2,107.16 2 1
github.com/IBM/ibmcloud-iam-operator/pkg/controller/accesspolicy/accesspolicy_controller.go:111.2,111.12 1 1
github.com/IBM/ibmcloud-iam-operator/pkg/controller/accesspolicy/accesspolicy_controller.go:93.16,95.3 1 0
github.com/IBM/ibmcloud-iam-operator/pkg/controller/accesspolicy/accesspolicy_controller.go:99.16,101.3 1 0
github.com/IBM/ibmcloud-iam-operator/pkg/controller/accesspolicy/accesspolicy_controller.go:107.16,109.3 1 0
github.com/IBM/ibmcloud-iam-operator/pkg/controller/accesspolicy/accesspolicy_controller.go:130.96,137.16 5 1
github.com/IBM/ibmcloud-iam-operator/pkg/controller/accesspolicy/accesspolicy_controller.go:151.2,151.79 1 1
github.com/IBM/ibmcloud-iam-operator/pkg/controller/accesspolicy/accesspolicy_controller.go:161.2,161.30 1 1
github.com/IBM/ibmcloud-iam-operator/pkg/controller/accesspolicy/accesspolicy_controller.go:183.2,184.16 2 1
github.com/IBM/ibmcloud-iam-operator/pkg/controller/accesspolicy/accesspolicy_controller.go:204.2,207.16 3 1
github.com/IBM/ibmcloud-iam-operator/pkg/controller/accesspolicy/accesspolicy_controller.go:212.2,215.16 3 1
github.com/IBM/ibmcloud-iam-operator/pkg/controller/accesspolicy/accesspolicy_controller.go:219.2,223.16 4 1
github.com/IBM/ibmcloud-iam-operator/pkg/controller/accesspolicy/accesspolicy_controller.go:227.2,230.16 3 1
github.com/IBM/ibmcloud-iam-operator/pkg/controller/accesspolicy/accesspolicy_controller.go:234.2,237.16 3 1
github.com/IBM/ibmcloud-iam-operator/pkg/controller/accesspolicy/accesspolicy_controller.go:241.2,244.52 2 1
github.com/IBM/ibmcloud-iam-operator/pkg/controller/accesspolicy/accesspolicy_controller.go:286.2,287.16 2 1
github.com/IBM/ibmcloud-iam-operator/pkg/controller/accesspolicy/accesspolicy_controller.go:298.2,299.16 2 1
github.com/IBM/ibmcloud-iam-operator/pkg/controller/accesspolicy/accesspolicy_controller.go:310.2,311.16 2 1
github.com/IBM/ibmcloud-iam-operator/pkg/controller/accesspolicy/accesspolicy_controller.go:322.2,327.26 5 1
github.com/IBM/ibmcloud-iam-operator/pkg/controller/accesspolicy/accesspolicy_controller.go:400.2,400.71 1 1
github.com/IBM/ibmcloud-iam-operator/pkg/controller/accesspolicy/accesspolicy_controller.go:137.16,138.29 1 1
github.com/IBM/ibmcloud-iam-operator/pkg/controller/accesspolicy/accesspolicy_controller.go:146.3,147.33 2 0
github.com/IBM/ibmcloud-iam-operator/pkg/controller/accesspolicy/accesspolicy_controller.go:138.29,144.4 2 1
github.com/IBM/ibmcloud-iam-operator/pkg/controller/accesspolicy/accesspolicy_controller.go:151.79,154.82 3 1
github.com/IBM/ibmcloud-iam-operator/pkg/controller/accesspolicy/accesspolicy_controller.go:154.82,157.4 2 1
github.com/IBM/ibmcloud-iam-operator/pkg/controller/accesspolicy/accesspolicy_controller.go:161.30,162.54 1 0
github.com/IBM/ibmcloud-iam-operator/pkg/controller/accesspolicy/accesspolicy_controller.go:171.3,171.40 1 0
github.com/IBM/ibmcloud-iam-operator/pkg/controller/accesspolicy/accesspolicy_controller.go:180.3,180.72 1 0
github.com/IBM/ibmcloud-iam-operator/pkg/controller/accesspolicy/accesspolicy_controller.go:162.54,165.74 2 0
github.com/IBM/ibmcloud-iam-operator/pkg/controller/accesspolicy/accesspolicy_controller.go:169.4,169.34 1 0
github.com/IBM/ibmcloud-iam-operator/pkg/controller/accesspolicy/accesspolicy_controller.go:165.74,168.5 1 0
github.com/IBM/ibmcloud-iam-operator/pkg/controller/accesspolicy/accesspolicy_controller.go:171.40,174.83 3 0
github.com/IBM/ibmcloud-iam-operator/pkg/controller/accesspolicy/accesspolicy_controller.go:174.83,177.5 2 0
github.com/IBM/ibmcloud-iam-operator/pkg/controller/accesspolicy/accesspolicy_controller.go:184.16,186.54 2 0
github.com/IBM/ibmcloud-iam-operator/pkg/controller/accesspolicy/accesspolicy_controller.go:195.3,197.82 3 0
github.com/IBM/ibmcloud-iam-operator/pkg/controller/accesspolicy/accesspolicy_controller.go:201.3,201.33 1 0
github.com/IBM/ibmcloud-iam-operator/pkg/controller/accesspolicy/accesspolicy_controller.go:186.54,189.74 2 0
github.com/IBM/ibmcloud-iam-operator/pkg/controller/accesspolicy/accesspolicy_controller.go:193.4,193.34 1 0
github.com/IBM/ibmcloud-iam-operator/pkg/controller/accesspolicy/accesspolicy_controller.go:189.74,192.5 1 0
github.com/IBM/ibmcloud-iam-operator/pkg/controller/accesspolicy/accesspolicy_controller.go:197.82,200.4 2 0
github.com/IBM/ibmcloud-iam-operator/pkg/controller/accesspolicy/accesspolicy_controller.go:207.16,211.3 2 0
github.com/IBM/ibmcloud-iam-operator/pkg/controller/accesspolicy/accesspolicy_controller.go:215.16,218.3 2 0
github.com/IBM/ibmcloud-iam-operator/pkg/controller/accesspolicy/accesspolicy_controller.go:223.16,226.3 2 0
github.com/IBM/ibmcloud-iam-operator/pkg/controller/accesspolicy/accesspolicy_controller.go:230.16,233.3 2 0
github.com/IBM/ibmcloud-iam-operator/pkg/controller/accesspolicy/accesspolicy_controller.go:237.16,240.3 2 0
github.com/IBM/ibmcloud-iam-operator/pkg/controller/accesspolicy/accesspolicy_controller.go:244.52,246.35 1 1
github.com/IBM/ibmcloud-iam-operator/pkg/controller/accesspolicy/accesspolicy_controller.go:246.35,248.74 2 1
github.com/IBM/ibmcloud-iam-operator/pkg/controller/accesspolicy/accesspolicy_controller.go:248.74,251.5 2 1
github.com/IBM/ibmcloud-iam-operator/pkg/controller/accesspolicy/accesspolicy_controller.go:253.8,255.34 1 1
github.com/IBM/ibmcloud-iam-operator/pkg/controller/accesspolicy/accesspolicy_controller.go:255.34,256.28 1 1
github.com/IBM/ibmcloud-iam-operator/pkg/controller/accesspolicy/accesspolicy_controller.go:276.4,277.74 2 1
github.com/IBM/ibmcloud-iam-operator/pkg/controller/accesspolicy/accesspolicy_controller.go:281.4,281.34 1 1
github.com/IBM/ibmcloud-iam-operator/pkg/controller/accesspolicy/accesspolicy_controller.go:256.28,258.19 2 1
github.com/IBM/ibmcloud-iam-operator/pkg/controller/accesspolicy/accesspolicy_controller.go:264.5,265.43 2 1
github.com/IBM/ibmcloud-iam-operator/pkg/controller/accesspolicy/accesspolicy_controller.go:258.19,259.53 1 1
github.com/IBM/ibmcloud-iam-operator/pkg/controller/accesspolicy/accesspolicy_controller.go:259.53,262.7 2 0
github.com/IBM/ibmcloud-iam-operator/pkg/controller/accesspolicy/accesspolicy_controller.go:265.43,269.76 4 1
github.com/IBM/ibmcloud-iam-operator/pkg/controller/accesspolicy/accesspolicy_controller.go:269.76,272.7 2 1
github.com/IBM/ibmcloud-iam-operator/pkg/controller/accesspolicy/accesspolicy_controller.go:277.74,280.5 2 0
github.com/IBM/ibmcloud-iam-operator/pkg/controller/accesspolicy/accesspolicy_controller.go:287.16,291.82 4 1
github.com/IBM/ibmcloud-iam-operator/pkg/controller/accesspolicy/accesspolicy_controller.go:295.3,295.33 1 1
github.com/IBM/ibmcloud-iam-operator/pkg/controller/accesspolicy/accesspolicy_controller.go:291.82,294.4 2 1
github.com/IBM/ibmcloud-iam-operator/pkg/controller/accesspolicy/accesspolicy_controller.go:299.16,303.82 4 0
github.com/IBM/ibmcloud-iam-operator/pkg/controller/accesspolicy/accesspolicy_controller.go:307.3,307.33 1 0
github.com/IBM/ibmcloud-iam-operator/pkg/controller/accesspolicy/accesspolicy_controller.go:303.82,306.4 2 0
github.com/IBM/ibmcloud-iam-operator/pkg/controller/accesspolicy/accesspolicy_controller.go:311.16,315.82 4 1
github.com/IBM/ibmcloud-iam-operator/pkg/controller/accesspolicy/accesspolicy_controller.go:319.3,319.33 1 1
github.com/IBM/ibmcloud-iam-operator/pkg/controller/accesspolicy/accesspolicy_controller.go:315.82,318.4 2 1
github.com/IBM/ibmcloud-iam-operator/pkg/controller/accesspolicy/accesspolicy_controller.go:327.26,330.17 3 1
github.com/IBM/ibmcloud-iam-operator/pkg/controller/accesspolicy/accesspolicy_controller.go:342.3,342.70 1 1
github.com/IBM/ibmcloud-iam-operator/pkg/controller/accesspolicy/accesspolicy_controller.go:330.17,335.83 5 0
github.com/IBM/ibmcloud-iam-operator/pkg/controller/accesspolicy/accesspolicy_controller.go:339.4,339.73 1 0
github.com/IBM/ibmcloud-iam-operator/pkg/controller/accesspolicy/accesspolicy_controller.go:335.83,338.5 2 0
github.com/IBM/ibmcloud-iam-operator/pkg/controller/accesspolicy/accesspolicy_controller.go:342.70,344.18 2 0
github.com/IBM/ibmcloud-iam-operator/pkg/controller/accesspolicy/accesspolicy_controller.go:354.4,362.83 8 0
github.com/IBM/ibmcloud-iam-operator/pkg/controller/accesspolicy/accesspolicy_controller.go:344.18,348.84 4 0
github.com/IBM/ibmcloud-iam-operator/pkg/controller/accesspolicy/accesspolicy_controller.go:352.5,352.35 1 0
github.com/IBM/ibmcloud-iam-operator/pkg/controller/accesspolicy/accesspolicy_controller.go:348.84,351.6 2 0
github.com/IBM/ibmcloud-iam-operator/pkg/controller/accesspolicy/accesspolicy_controller.go:362.83,365.5 2 0
github.com/IBM/ibmcloud-iam-operator/pkg/controller/accesspolicy/accesspolicy_controller.go:367.8,369.17 2 1
github.com/IBM/ibmcloud-iam-operator/pkg/controller/accesspolicy/accesspolicy_controller.go:379.3,387.82 8 1
github.com/IBM/ibmcloud-iam-operator/pkg/controller/accesspolicy/accesspolicy_controller.go:369.17,373.83 4 0
github.com/IBM/ibmcloud-iam-operator/pkg/controller/accesspolicy/accesspolicy_controller.go:377.4,377.34 1 0
github.com/IBM/ibmcloud-iam-operator/pkg/controller/accesspolicy/accesspolicy_controller.go:373.83,376.5 2 0
github.com/IBM/ibmcloud-iam-operator/pkg/controller/accesspolicy/accesspolicy_controller.go:387.82,390.19 3 0
github.com/IBM/ibmcloud-iam-operator/pkg/controller/accesspolicy/accesspolicy_controller.go:396.4,397.34 2 0
github.com/IBM/ibmcloud-iam-operator/pkg/controller/accesspolicy/accesspolicy_controller.go:390.19,391.53 1 0
github.com/IBM/ibmcloud-iam-operator/pkg/controller/accesspolicy/accesspolicy_controller.go:391.53,394.6 2 0
github.com/IBM/ibmcloud-iam-operator/pkg/controller/accesspolicy/accesspolicy_controller.go:403.82,404.67 1 1
github.com/IBM/ibmcloud-iam-operator/pkg/controller/accesspolicy/accesspolicy_controller.go:409.2,409.42 1 1
github.com/IBM/ibmcloud-iam-operator/pkg/controller/accesspolicy/accesspolicy_controller.go:416.2,416.69 1 1
github.com/IBM/ibmcloud-iam-operator/pkg/controller/accesspolicy/accesspolicy_controller.go:420.2,420.14 1 1
github.com/IBM/ibmcloud-iam-operator/pkg/controller/accesspolicy/accesspolicy_controller.go:404.67,407.3 2 0
github.com/IBM/ibmcloud-iam-operator/pkg/controller/accesspolicy/accesspolicy_controller.go:409.42,410.33 1 1
github.com/IBM/ibmcloud-iam-operator/pkg/controller/accesspolicy/accesspolicy_controller.go:410.33,413.4 2 0
github.com/IBM/ibmcloud-iam-operator/pkg/controller/accesspolicy/accesspolicy_controller.go:416.69,419.3 2 0
github.com/IBM/ibmcloud-iam-operator/pkg/controller/accesspolicy/accesspolicy_controller.go:423.66,424.32 1 1
github.com/IBM/ibmcloud-iam-operator/pkg/controller/accesspolicy/accesspolicy_controller.go:429.2,429.14 1 0
github.com/IBM/ibmcloud-iam-operator/pkg/controller/accesspolicy/accesspolicy_controller.go:424.32,425.44 1 1
github.com/IBM/ibmcloud-iam-operator/pkg/controller/accesspolicy/accesspolicy_controller.go:425.44,427.4 1 1
github.com/IBM/ibmcloud-iam-operator/pkg/controller/accesspolicy/accesspolicy_controller.go:432.64,433.79 1 1
github.com/IBM/ibmcloud-iam-operator/pkg/controller/accesspolicy/accesspolicy_controller.go:437.2,437.36 1 1
github.com/IBM/ibmcloud-iam-operator/pkg/controller/accesspolicy/accesspolicy_controller.go:440.2,440.72 1 1
github.com/IBM/ibmcloud-iam-operator/pkg/controller/accesspolicy/accesspolicy_controller.go:444.2,444.68 1 1
github.com/IBM/ibmcloud-iam-operator/pkg/controller/accesspolicy/accesspolicy_controller.go:448.2,448.70 1 1
github.com/IBM/ibmcloud-iam-operator/pkg/controller/accesspolicy/accesspolicy_controller.go:452.2,452.14 1 1
github.com/IBM/ibmcloud-iam-operator/pkg/controller/accesspolicy/accesspolicy_controller.go:433.79,435.3 1 0
github.com/IBM/ibmcloud-iam-operator/pkg/controller/accesspolicy/accesspolicy_controller.go:437.36,439.3 1 0
github.com/IBM/ibmcloud-iam-operator/pkg/controller/accesspolicy/accesspolicy_controller.go:440.72,443.3 2 0
github.com/IBM/ibmcloud-iam-operator/pkg/controller/accesspolicy/accesspolicy_controller.go:444.68,447.3 2 0
github.com/IBM/ibmcloud-iam-operator/pkg/controller/accesspolicy/accesspolicy_controller.go:448.70,451.3 2 0
github.com/IBM/ibmcloud-iam-operator/pkg/controller/accesspolicy/accesspolicy_controller.go:455.114,457.16 2 1
github.com/IBM/ibmcloud-iam-operator/pkg/controller/accesspolicy/accesspolicy_controller.go:460.2,460.28 1 1
github.com/IBM/ibmcloud-iam-operator/pkg/controller/accesspolicy/accesspolicy_controller.go:457.16,459.3 1 0
github.com/IBM/ibmcloud-iam-operator/pkg/controller/accesspolicy/accesspolicy_controller.go:463.150,465.16 2 0
github.com/IBM/ibmcloud-iam-operator/pkg/controller/accesspolicy/accesspolicy_controller.go:468.2,468.28 1 0
github.com/IBM/ibmcloud-iam-operator/pkg/controller/accesspolicy/accesspolicy_controller.go:465.16,467.3 1 0
github.com/IBM/ibmcloud-iam-operator/pkg/controller/accesspolicy/accesspolicy_controller.go:471.93,473.16 2 1
github.com/IBM/ibmcloud-iam-operator/pkg/controller/accesspolicy/accesspolicy_controller.go:491.2,491.12 1 1
github.com/IBM/ibmcloud-iam-operator/pkg/controller/accesspolicy/accesspolicy_controller.go:473.16,475.3 1 1
github.com/IBM/ibmcloud-iam-operator/pkg/controller/accesspolicy/accesspolicy_controller.go:494.257,496.43 1 1
github.com/IBM/ibmcloud-iam-operator/pkg/controller/accesspolicy/accesspolicy_controller.go:581.2,581.17 1 0
github.com/IBM/ibmcloud-iam-operator/pkg/controller/accesspolicy/accesspolicy_controller.go:496.43,498.17 2 1
github.com/IBM/ibmcloud-iam-operator/pkg/controller/accesspolicy/accesspolicy_controller.go:502.3,503.17 2 1
github.com/IBM/ibmcloud-iam-operator/pkg/controller/accesspolicy/accesspolicy_controller.go:507.3,507.49 1 1
github.com/IBM/ibmcloud-iam-operator/pkg/controller/accesspolicy/accesspolicy_controller.go:511.3,511.126 1 1
github.com/IBM/ibmcloud-iam-operator/pkg/controller/accesspolicy/accesspolicy_controller.go:519.3,528.9 1 1
github.com/IBM/ibmcloud-iam-operator/pkg/controller/accesspolicy/accesspolicy_controller.go:498.17,500.4 1 0
github.com/IBM/ibmcloud-iam-operator/pkg/controller/accesspolicy/accesspolicy_controller.go:503.17,505.4 1 0
github.com/IBM/ibmcloud-iam-operator/pkg/controller/accesspolicy/accesspolicy_controller.go:507.49,509.4 1 0
github.com/IBM/ibmcloud-iam-operator/pkg/controller/accesspolicy/accesspolicy_controller.go:511.126,513.18 2 1
github.com/IBM/ibmcloud-iam-operator/pkg/controller/accesspolicy/accesspolicy_controller.go:516.4,516.54 1 1
github.com/IBM/ibmcloud-iam-operator/pkg/controller/accesspolicy/accesspolicy_controller.go:513.18,515.5 1 1
github.com/IBM/ibmcloud-iam-operator/pkg/controller/accesspolicy/accesspolicy_controller.go:529.8,529.50 1 1
github.com/IBM/ibmcloud-iam-operator/pkg/controller/accesspolicy/accesspolicy_controller.go:529.50,532.17 2 1
github.com/IBM/ibmcloud-iam-operator/pkg/controller/accesspolicy/accesspolicy_controller.go:536.3,545.9 1 1
github.com/IBM/ibmcloud-iam-operator/pkg/controller/accesspolicy/accesspolicy_controller.go:532.17,534.4 1 1
github.com/IBM/ibmcloud-iam-operator/pkg/controller/accesspolicy/accesspolicy_controller.go:546.8,546.54 1 1
github.com/IBM/ibmcloud-iam-operator/pkg/controller/accesspolicy/accesspolicy_controller.go:546.54,549.17 2 1
github.com/IBM/ibmcloud-iam-operator/pkg/controller/accesspolicy/accesspolicy_controller.go:553.3,562.9 1 1
github.com/IBM/ibmcloud-iam-operator/pkg/controller/accesspolicy/accesspolicy_controller.go:549.17,551.4 1 1
github.com/IBM/ibmcloud-iam-operator/pkg/controller/accesspolicy/accesspolicy_controller.go:563.8,563.57 1 0
github.com/IBM/ibmcloud-iam-operator/pkg/controller/accesspolicy/accesspolicy_controller.go:563.57,565.17 2 0
github.com/IBM/ibmcloud-iam-operator/pkg/controller/accesspolicy/accesspolicy_controller.go:570.3,579.9 1 0
github.com/IBM/ibmcloud-iam-operator/pkg/controller/accesspolicy/accesspolicy_controller.go:565.17,568.4 2 0
github.com/IBM/ibmcloud-iam-operator/pkg/controller/accesspolicy/accesspolicy_controller.go:584.222,588.45 2 1
github.com/IBM/ibmcloud-iam-operator/pkg/controller/accesspolicy/accesspolicy_controller.go:614.2,614.49 1 1
github.com/IBM/ibmcloud-iam-operator/pkg/controller/accesspolicy/accesspolicy_controller.go:630.2,630.47 1 1
github.com/IBM/ibmcloud-iam-operator/pkg/controller/accesspolicy/accesspolicy_controller.go:658.2,658.25 1 1
github.com/IBM/ibmcloud-iam-operator/pkg/controller/accesspolicy/accesspolicy_controller.go:588.45,592.46 3 1
github.com/IBM/ibmcloud-iam-operator/pkg/controller/accesspolicy/accesspolicy_controller.go:606.3,607.17 2 1
github.com/IBM/ibmcloud-iam-operator/pkg/controller/accesspolicy/accesspolicy_controller.go:611.3,611.57 1 1
github.com/IBM/ibmcloud-iam-operator/pkg/controller/accesspolicy/accesspolicy_controller.go:592.46,594.18 2 0
github.com/IBM/ibmcloud-iam-operator/pkg/controller/accesspolicy/accesspolicy_controller.go:594.18,597.5 2 0
github.com/IBM/ibmcloud-iam-operator/pkg/controller/accesspolicy/accesspolicy_controller.go:598.9,600.18 2 1
github.com/IBM/ibmcloud-iam-operator/pkg/controller/accesspolicy/accesspolicy_controller.go:600.18,603.5 2 1
github.com/IBM/ibmcloud-iam-operator/pkg/controller/accesspolicy/accesspolicy_controller.go:607.17,610.4 2 1
github.com/IBM/ibmcloud-iam-operator/pkg/controller/accesspolicy/accesspolicy_controller.go:614.49,617.17 2 0
github.com/IBM/ibmcloud-iam-operator/pkg/controller/accesspolicy/accesspolicy_controller.go:622.3,623.17 2 0
github.com/IBM/ibmcloud-iam-operator/pkg/controller/accesspolicy/accesspolicy_controller.go:627.3,627.83 1 0
github.com/IBM/ibmcloud-iam-operator/pkg/controller/accesspolicy/accesspolicy_controller.go:617.17,620.4 2 0
github.com/IBM/ibmcloud-iam-operator/pkg/controller/accesspolicy/accesspolicy_controller.go:623.17,626.4 2 0
github.com/IBM/ibmcloud-iam-operator/pkg/controller/accesspolicy/accesspolicy_controller.go:630.47,634.62 3 0
github.com/IBM/ibmcloud-iam-operator/pkg/controller/accesspolicy/accesspolicy_controller.go:651.3,652.17 2 0
github.com/IBM/ibmcloud-iam-operator/pkg/controller/accesspolicy/accesspolicy_controller.go:656.3,656.85 1 0
github.com/IBM/ibmcloud-iam-operator/pkg/controller/accesspolicy/accesspolicy_controller.go:634.62,636.18 2 0
github.com/IBM/ibmcloud-iam-operator/pkg/controller/accesspolicy/accesspolicy_controller.go:640.4,644.18 4 0
github.com/IBM/ibmcloud-iam-operator/pkg/controller/accesspolicy/accesspolicy_controller.go:648.4,648.54 1 0
github.com/IBM/ibmcloud-iam-operator/pkg/controller/accesspolicy/accesspolicy_controller.go:636.18,639.5 2 0
github.com/IBM/ibmcloud-iam-operator/pkg/controller/accesspolicy/accesspolicy_controller.go:644.18,647.5 2 0
github.com/IBM/ibmcloud-iam-operator/pkg/controller/accesspolicy/accesspolicy_controller.go:652.17,655.4 2 0
github.com/IBM/ibmcloud-iam-operator/pkg/controller/accesspolicy/accesspolicy_controller.go:661.126,665.45 2 1
github.com/IBM/ibmcloud-iam-operator/pkg/controller/accesspolicy/accesspolicy_controller.go:668.2,668.42 1 1
github.com/IBM/ibmcloud-iam-operator/pkg/controller/accesspolicy/accesspolicy_controller.go:671.2,671.45 1 1
github.com/IBM/ibmcloud-iam-operator/pkg/controller/accesspolicy/accesspolicy_controller.go:674.2,674.43 1 1
github.com/IBM/ibmcloud-iam-operator/pkg/controller/accesspolicy/accesspolicy_controller.go:677.2,677.46 1 1
github.com/IBM/ibmcloud-iam-operator/pkg/controller/accesspolicy/accesspolicy_controller.go:680.2,680.39 1 1
github.com/IBM/ibmcloud-iam-operator/pkg/controller/accesspolicy/accesspolicy_controller.go:683.2,683.88 1 1
github.com/IBM/ibmcloud-iam-operator/pkg/controller/accesspolicy/accesspolicy_controller.go:687.2,687.28 1 1
github.com/IBM/ibmcloud-iam-operator/pkg/controller/accesspolicy/accesspolicy_controller.go:665.45,667.3 1 1
github.com/IBM/ibmcloud-iam-operator/pkg/controller/accesspolicy/accesspolicy_controller.go:668.42,670.3 1 1
github.com/IBM/ibmcloud-iam-operator/pkg/controller/accesspolicy/accesspolicy_controller.go:671.45,673.3 1 1
github.com/IBM/ibmcloud-iam-operator/pkg/controller/accesspolicy/accesspolicy_controller.go:674.43,676.3 1 1
github.com/IBM/ibmcloud-iam-operator/pkg/controller/accesspolicy/accesspolicy_controller.go:677.46,679.3 1 1
github.com/IBM/ibmcloud-iam-operator/pkg/controller/accesspolicy/accesspolicy_controller.go:680.39,682.3 1 0
github.com/IBM/ibmcloud-iam-operator/pkg/controller/accesspolicy/accesspolicy_controller.go:683.88,685.3 1 0
github.com/IBM/ibmcloud-iam-operator/pkg/controller/accesspolicy/accesspolicy_controller.go:690.136,692.69 2 0
github.com/IBM/ibmcloud-iam-operator/pkg/controller/accesspolicy/accesspolicy_controller.go:695.2,697.16 3 0
github.com/IBM/ibmcloud-iam-operator/pkg/controller/accesspolicy/accesspolicy_controller.go:701.2,701.33 1 0
github.com/IBM/ibmcloud-iam-operator/pkg/controller/accesspolicy/accesspolicy_controller.go:692.69,694.3 1 0
github.com/IBM/ibmcloud-iam-operator/pkg/controller/accesspolicy/accesspolicy_controller.go:697.16,700.3 2 0
github.com/IBM/ibmcloud-iam-operator/pkg/controller/accesspolicy/accesspolicy_controller.go:704.181,706.44 2 0
github.com/IBM/ibmcloud-iam-operator/pkg/controller/accesspolicy/accesspolicy_controller.go:709.2,711.16 3 0
github.com/IBM/ibmcloud-iam-operator/pkg/controller/accesspolicy/accesspolicy_controller.go:715.2,715.32 1 0
github.com/IBM/ibmcloud-iam-operator/pkg/controller/accesspolicy/accesspolicy_controller.go:706.44,708.3 1 0
github.com/IBM/ibmcloud-iam-operator/pkg/controller/accesspolicy/accesspolicy_controller.go:711.16,714.3 2 0
github.com/IBM/ibmcloud-iam-operator/pkg/controller/accesspolicy/accesspolicy_controller.go:718.64,720.171 2 1
github.com/IBM/ibmcloud-iam-operator/pkg/controller/accesspolicy/accesspolicy_controller.go:724.2,724.171 1 1
github.com/IBM/ibmcloud-iam-operator/pkg/controller/accesspolicy/accesspolicy_controller.go:728.2,728.171 1 1
github.com/IBM/ibmcloud-iam-operator/pkg/controller/accesspolicy/accesspolicy_controller.go:732.2,732.171 1 1
github.com/IBM/ibmcloud-iam-operator/pkg/controller/accesspolicy/accesspolicy_controller.go:736.2,736.13 1 1
github.com/IBM/ibmcloud-iam-operator/pkg/controller/accesspolicy/accesspolicy_controller.go:720.171,722.3 1 0
github.com/IBM/ibmcloud-iam-operator/pkg/controller/accesspolicy/accesspolicy_controller.go:724.171,726.3 1 0
github.com/IBM/ibmcloud-iam-operator/pkg/controller/accesspolicy/accesspolicy_controller.go:728.171,730.3 1 0
github.com/IBM/ibmcloud-iam-operator/pkg/controller/accesspolicy/accesspolicy_controller.go:732.171,734.3 1 0
